#
# There is insufficient memory for the Java Runtime Environment to continue.
# Native memory allocation (malloc) failed to allocate 32744 bytes for Chunk::new
# Possible reasons:
#   The system is out of physical RAM or swap space
#   The process is running with CompressedOops enabled, and the Java Heap may be blocking the growth of the native heap
# Possible solutions:
#   Reduce memory load on the system
#   Increase physical memory or swap space
#   Check if swap backing store is full
#   Decrease Java heap size (-Xmx/-Xms)
#   Decrease number of Java threads
#   Decrease Java thread stack sizes (-Xss)
#   Set larger code cache with -XX:ReservedCodeCacheSize=
#   JVM is running with Unscaled Compressed Oops mode in which the Java heap is
#     placed in the first 4GB address space. The Java Heap base address is the
#     maximum limit for the native heap growth. Please use -XX:HeapBaseMinAddress
#     to set the Java Heap base and to place the Java Heap above 4GB virtual address.
# This output file may be truncated or incomplete.
#
#  Out of Memory Error (arena.cpp:184), pid=20904, tid=22748
#
# JRE version: Java(TM) SE Runtime Environment (18.0.1.1+2) (build 18.0.1.1+2-6)
# Java VM: Java HotSpot(TM) 64-Bit Server VM (18.0.1.1+2-6, mixed mode, sharing, tiered, compressed oops, compressed class ptrs, g1 gc, windows-amd64)
# No core dump will be written. Minidumps are not enabled by default on client versions of Windows
#

---------------  S U M M A R Y ------------

Command Line: --add-opens=java.base/java.lang=ALL-UNNAMED --add-opens=java.base/java.io=ALL-UNNAMED --add-opens=java.base/java.util=ALL-UNNAMED --add-opens=java.base/java.util.concurrent=ALL-UNNAMED --add-opens=java.rmi/sun.rmi.transport=ALL-UNNAMED -Dcatalina.home=C:\Users\Tejasvi\Downloads\apache-tomcat-9.0.59\apache-tomcat-9.0.59 -Dcatalina.base=C:\Users\Tejasvi\IdeaProjects\employee_management_assignment -Djava.io.tmpdir=C:\Users\Tejasvi\IdeaProjects\employee_management_assignment\temp -Djava.util.logging.config.file=C:\Users\Tejasvi\IdeaProjects\employee_management_assignment\conf\logging.properties -Djava.util.logging.manager=org.apache.juli.ClassLoaderLogManager -javaagent:C:\Program Files\JetBrains\IntelliJ IDEA Community Edition 2024.1.4\lib\idea_rt.jar=52101:C:\Program Files\JetBrains\IntelliJ IDEA Community Edition 2024.1.4\bin -Dfile.encoding=UTF-8 -Dsun.stdout.encoding=UTF-8 -Dsun.stderr.encoding=UTF-8 org.apache.catalina.startup.Bootstrap start

Host: 11th Gen Intel(R) Core(TM) i5-1135G7 @ 2.40GHz, 8 cores, 7G,  Windows 11 , 64 bit Build 22621 (10.0.22621.3958)
Time: Tue Aug 27 12:51:59 2024 India Standard Time elapsed time: 1.674054 seconds (0d 0h 0m 1s)

---------------  T H R E A D  ---------------

Current thread (0x000001787b27cfe0):  JavaThread "C1 CompilerThread0" daemon [_thread_in_native, id=22748, stack(0x0000001d6c000000,0x0000001d6c100000)]


Current CompileTask:
C1:   1674 1298   !   3       org.apache.tomcat.util.IntrospectionUtils::setProperty (939 bytes)

Stack: [0x0000001d6c000000,0x0000001d6c100000]
Native frames: (J=compiled Java code, j=interpreted, Vv=VM code, C=native code)
V  [jvm.dll+0x69887a]
V  [jvm.dll+0x7f38bd]
V  [jvm.dll+0x7f51ce]
V  [jvm.dll+0x7f5883]
V  [jvm.dll+0x25ca3f]
V  [jvm.dll+0xb8c2f]
V  [jvm.dll+0xb8fa5]
V  [jvm.dll+0x17389b]
V  [jvm.dll+0x180290]
V  [jvm.dll+0x18039b]
V  [jvm.dll+0x17544e]
V  [jvm.dll+0x1722ae]
V  [jvm.dll+0x1601f0]
V  [jvm.dll+0x148d67]
V  [jvm.dll+0x1486cf]
V  [jvm.dll+0x148926]
V  [jvm.dll+0x147d9a]
V  [jvm.dll+0x149a81]
V  [jvm.dll+0x23e8ca]
V  [jvm.dll+0x23cbb5]
V  [jvm.dll+0x7a5fb1]
V  [jvm.dll+0x7a03ea]
V  [jvm.dll+0x697725]
C  [ucrtbase.dll+0x29333]
C  [KERNEL32.DLL+0x1257d]
C  [ntdll.dll+0x5af28]


---------------  P R O C E S S  ---------------

Threads class SMR info:
_java_thread_list=0x000001787f8b1d80, length=16, elements={
0x000001785b38e190, 0x000001787b252d70, 0x000001787b253eb0, 0x000001787b2725a0,
0x000001787b272e50, 0x000001787b275800, 0x000001787b276940, 0x000001787b278960,
0x000001787b27cfe0, 0x000001787b27e160, 0x000001787b23e7d0, 0x000001787f590020,
0x000001787f5904e0, 0x000001787f5d30d0, 0x000001787f6cbdc0, 0x000001787f8882e0
}

Java Threads: ( => current thread )
  0x000001785b38e190 JavaThread "main" [_thread_in_Java, id=23100, stack(0x0000001d6b200000,0x0000001d6b300000)]
  0x000001787b252d70 JavaThread "Reference Handler" daemon [_thread_blocked, id=26112, stack(0x0000001d6b900000,0x0000001d6ba00000)]
  0x000001787b253eb0 JavaThread "Finalizer" daemon [_thread_blocked, id=25476, stack(0x0000001d6ba00000,0x0000001d6bb00000)]
  0x000001787b2725a0 JavaThread "Signal Dispatcher" daemon [_thread_blocked, id=21996, stack(0x0000001d6bb00000,0x0000001d6bc00000)]
  0x000001787b272e50 JavaThread "Attach Listener" daemon [_thread_blocked, id=20728, stack(0x0000001d6bc00000,0x0000001d6bd00000)]
  0x000001787b275800 JavaThread "service Thread" daemon [_thread_blocked, id=22720, stack(0x0000001d6bd00000,0x0000001d6be00000)]
  0x000001787b276940 JavaThread "Monitor Deflation Thread" daemon [_thread_blocked, id=500, stack(0x0000001d6be00000,0x0000001d6bf00000)]
  0x000001787b278960 JavaThread "C2 CompilerThread0" daemon [_thread_in_native, id=16024, stack(0x0000001d6bf00000,0x0000001d6c000000)]
=>0x000001787b27cfe0 JavaThread "C1 CompilerThread0" daemon [_thread_in_native, id=22748, stack(0x0000001d6c000000,0x0000001d6c100000)]
  0x000001787b27e160 JavaThread "Sweeper thread" daemon [_thread_blocked, id=4348, stack(0x0000001d6c100000,0x0000001d6c200000)]
  0x000001787b23e7d0 JavaThread "Common-Cleaner" daemon [_thread_blocked, id=16192, stack(0x0000001d6c200000,0x0000001d6c300000)]
  0x000001787f590020 JavaThread "Monitor Ctrl-Break" daemon [_thread_in_native, id=18908, stack(0x0000001d6c300000,0x0000001d6c400000)]
  0x000001787f5904e0 JavaThread "Notification Thread" daemon [_thread_blocked, id=7904, stack(0x0000001d6c400000,0x0000001d6c500000)]
  0x000001787f5d30d0 JavaThread "AsyncFileHandlerWriter-401625763" daemon [_thread_blocked, id=22572, stack(0x0000001d6c600000,0x0000001d6c700000)]
  0x000001787f6cbdc0 JavaThread "FileHandlerLogFilesCleaner-1" daemon [_thread_blocked, id=22200, stack(0x0000001d6c700000,0x0000001d6c800000)]
  0x000001787f8882e0 JavaThread "C2 CompilerThread1" daemon [_thread_blocked, id=6980, stack(0x0000001d6c800000,0x0000001d6c900000)]

Other Threads:
  0x000001787b24ffb0 VMThread "VM Thread" [stack: 0x0000001d6b800000,0x0000001d6b900000] [id=18516]
  0x000001787f5b5080 WatcherThread "VM Periodic Task Thread" [stack: 0x0000001d6c500000,0x0000001d6c600000] [id=24972]
  0x000001785b2fecd0 WorkerThread "GC Thread#0" [stack: 0x0000001d6b300000,0x0000001d6b400000] [id=23144]
  0x000001785b3f8850 ConcurrentGCThread "G1 Main Marker" [stack: 0x0000001d6b400000,0x0000001d6b500000] [id=15724]
  0x000001785b3f99e0 WorkerThread "G1 Conc#0" [stack: 0x0000001d6b500000,0x0000001d6b600000] [id=26408]
  0x000001785b43d090 ConcurrentGCThread "G1 Refine#0" [stack: 0x0000001d6b600000,0x0000001d6b700000] [id=24124]
  0x000001785b43d9a0 ConcurrentGCThread "G1 service" [stack: 0x0000001d6b700000,0x0000001d6b800000] [id=24924]

Threads with active compile tasks:
C2 CompilerThread0     1710 1332       4       jdk.internal.org.objectweb.asm.SymbolTable::addConstantUtf8 (98 bytes)
C1 CompilerThread0     1710 1298   !   3       org.apache.tomcat.util.IntrospectionUtils::setProperty (939 bytes)

VM state: not at safepoint (normal execution)

VM Mutex/Monitor currently owned by a thread: None

Heap address: 0x0000000085800000, size: 1960 MB, Compressed Oops mode: 32-bit

CDS archive(s) mapped at: [0x0000000800000000-0x0000000800ba0000-0x0000000800ba0000), size 12189696, SharedBaseAddress: 0x0000000800000000, ArchiveRelocationMode: 0.
Compressed class space mapped at: 0x0000000800c00000-0x0000000840c00000, reserved size: 1073741824
Narrow klass base: 0x0000000800000000, Narrow klass shift: 0, Narrow klass range: 0x100000000

GC Precious Log:
 CardTable entry size: 512
 Card Set container configuration: InlinePtr #cards 5 size 8 Array Of Cards #cards 12 size 40 Howl #buckets 4 coarsen threshold 1843 Howl Bitmap #cards 512 size 80 coarsen threshold 460 Card regions per heap region 1 cards per card region 2048
 CPUs: 8 total, 8 available
 Memory: 7834M
 Large Page Support: Disabled
 NUMA Support: Disabled
 Compressed Oops: Enabled (32-bit)
 Heap Region Size: 1M
 Heap Min Capacity: 8M
 Heap Initial Capacity: 124M
 Heap Max Capacity: 1960M
 Pre-touch: Disabled
 Parallel Workers: 8
 Concurrent Workers: 2
 Concurrent Refinement Workers: 8
 Periodic GC: Disabled

Heap:
 garbage-first heap   total 126976K, used 18432K [0x0000000085800000, 0x0000000100000000)
  region size 1024K, 20 young (20480K), 0 survivors (0K)
 Metaspace       used 7958K, committed 8128K, reserved 1114112K
  class space    used 825K, committed 896K, reserved 1048576K

Heap Regions: E=young(eden), S=young(survivor), O=old, HS=humongous(starts), HC=humongous(continues), CS=collection set, F=free, OA=open archive, CA=closed archive, TAMS=top-at-mark-start (previous, next)
|   0|0x0000000085800000, 0x0000000085800000, 0x0000000085900000|  0%| F|  |TAMS 0x0000000085800000, 0x0000000085800000| Untracked 
|   1|0x0000000085900000, 0x0000000085900000, 0x0000000085a00000|  0%| F|  |TAMS 0x0000000085900000, 0x0000000085900000| Untracked 
|   2|0x0000000085a00000, 0x0000000085a00000, 0x0000000085b00000|  0%| F|  |TAMS 0x0000000085a00000, 0x0000000085a00000| Untracked 
|   3|0x0000000085b00000, 0x0000000085b00000, 0x0000000085c00000|  0%| F|  |TAMS 0x0000000085b00000, 0x0000000085b00000| Untracked 
|   4|0x0000000085c00000, 0x0000000085c00000, 0x0000000085d00000|  0%| F|  |TAMS 0x0000000085c00000, 0x0000000085c00000| Untracked 
|   5|0x0000000085d00000, 0x0000000085d00000, 0x0000000085e00000|  0%| F|  |TAMS 0x0000000085d00000, 0x0000000085d00000| Untracked 
|   6|0x0000000085e00000, 0x0000000085e00000, 0x0000000085f00000|  0%| F|  |TAMS 0x0000000085e00000, 0x0000000085e00000| Untracked 
|   7|0x0000000085f00000, 0x0000000085f00000, 0x0000000086000000|  0%| F|  |TAMS 0x0000000085f00000, 0x0000000085f00000| Untracked 
|   8|0x0000000086000000, 0x0000000086000000, 0x0000000086100000|  0%| F|  |TAMS 0x0000000086000000, 0x0000000086000000| Untracked 
|   9|0x0000000086100000, 0x0000000086100000, 0x0000000086200000|  0%| F|  |TAMS 0x0000000086100000, 0x0000000086100000| Untracked 
|  10|0x0000000086200000, 0x0000000086200000, 0x0000000086300000|  0%| F|  |TAMS 0x0000000086200000, 0x0000000086200000| Untracked 
|  11|0x0000000086300000, 0x0000000086300000, 0x0000000086400000|  0%| F|  |TAMS 0x0000000086300000, 0x0000000086300000| Untracked 
|  12|0x0000000086400000, 0x0000000086400000, 0x0000000086500000|  0%| F|  |TAMS 0x0000000086400000, 0x0000000086400000| Untracked 
|  13|0x0000000086500000, 0x0000000086500000, 0x0000000086600000|  0%| F|  |TAMS 0x0000000086500000, 0x0000000086500000| Untracked 
|  14|0x0000000086600000, 0x0000000086600000, 0x0000000086700000|  0%| F|  |TAMS 0x0000000086600000, 0x0000000086600000| Untracked 
|  15|0x0000000086700000, 0x0000000086700000, 0x0000000086800000|  0%| F|  |TAMS 0x0000000086700000, 0x0000000086700000| Untracked 
|  16|0x0000000086800000, 0x0000000086800000, 0x0000000086900000|  0%| F|  |TAMS 0x0000000086800000, 0x0000000086800000| Untracked 
|  17|0x0000000086900000, 0x0000000086900000, 0x0000000086a00000|  0%| F|  |TAMS 0x0000000086900000, 0x0000000086900000| Untracked 
|  18|0x0000000086a00000, 0x0000000086a00000, 0x0000000086b00000|  0%| F|  |TAMS 0x0000000086a00000, 0x0000000086a00000| Untracked 
|  19|0x0000000086b00000, 0x0000000086b00000, 0x0000000086c00000|  0%| F|  |TAMS 0x0000000086b00000, 0x0000000086b00000| Untracked 
|  20|0x0000000086c00000, 0x0000000086c00000, 0x0000000086d00000|  0%| F|  |TAMS 0x0000000086c00000, 0x0000000086c00000| Untracked 
|  21|0x0000000086d00000, 0x0000000086d00000, 0x0000000086e00000|  0%| F|  |TAMS 0x0000000086d00000, 0x0000000086d00000| Untracked 
|  22|0x0000000086e00000, 0x0000000086e00000, 0x0000000086f00000|  0%| F|  |TAMS 0x0000000086e00000, 0x0000000086e00000| Untracked 
|  23|0x0000000086f00000, 0x0000000086f00000, 0x0000000087000000|  0%| F|  |TAMS 0x0000000086f00000, 0x0000000086f00000| Untracked 
|  24|0x0000000087000000, 0x0000000087000000, 0x0000000087100000|  0%| F|  |TAMS 0x0000000087000000, 0x0000000087000000| Untracked 
|  25|0x0000000087100000, 0x0000000087100000, 0x0000000087200000|  0%| F|  |TAMS 0x0000000087100000, 0x0000000087100000| Untracked 
|  26|0x0000000087200000, 0x0000000087200000, 0x0000000087300000|  0%| F|  |TAMS 0x0000000087200000, 0x0000000087200000| Untracked 
|  27|0x0000000087300000, 0x0000000087300000, 0x0000000087400000|  0%| F|  |TAMS 0x0000000087300000, 0x0000000087300000| Untracked 
|  28|0x0000000087400000, 0x0000000087400000, 0x0000000087500000|  0%| F|  |TAMS 0x0000000087400000, 0x0000000087400000| Untracked 
|  29|0x0000000087500000, 0x0000000087500000, 0x0000000087600000|  0%| F|  |TAMS 0x0000000087500000, 0x0000000087500000| Untracked 
|  30|0x0000000087600000, 0x0000000087600000, 0x0000000087700000|  0%| F|  |TAMS 0x0000000087600000, 0x0000000087600000| Untracked 
|  31|0x0000000087700000, 0x0000000087700000, 0x0000000087800000|  0%| F|  |TAMS 0x0000000087700000, 0x0000000087700000| Untracked 
|  32|0x0000000087800000, 0x0000000087800000, 0x0000000087900000|  0%| F|  |TAMS 0x0000000087800000, 0x0000000087800000| Untracked 
|  33|0x0000000087900000, 0x0000000087900000, 0x0000000087a00000|  0%| F|  |TAMS 0x0000000087900000, 0x0000000087900000| Untracked 
|  34|0x0000000087a00000, 0x0000000087a00000, 0x0000000087b00000|  0%| F|  |TAMS 0x0000000087a00000, 0x0000000087a00000| Untracked 
|  35|0x0000000087b00000, 0x0000000087b00000, 0x0000000087c00000|  0%| F|  |TAMS 0x0000000087b00000, 0x0000000087b00000| Untracked 
|  36|0x0000000087c00000, 0x0000000087c00000, 0x0000000087d00000|  0%| F|  |TAMS 0x0000000087c00000, 0x0000000087c00000| Untracked 
|  37|0x0000000087d00000, 0x0000000087d00000, 0x0000000087e00000|  0%| F|  |TAMS 0x0000000087d00000, 0x0000000087d00000| Untracked 
|  38|0x0000000087e00000, 0x0000000087e00000, 0x0000000087f00000|  0%| F|  |TAMS 0x0000000087e00000, 0x0000000087e00000| Untracked 
|  39|0x0000000087f00000, 0x0000000087f00000, 0x0000000088000000|  0%| F|  |TAMS 0x0000000087f00000, 0x0000000087f00000| Untracked 
|  40|0x0000000088000000, 0x0000000088000000, 0x0000000088100000|  0%| F|  |TAMS 0x0000000088000000, 0x0000000088000000| Untracked 
|  41|0x0000000088100000, 0x0000000088100000, 0x0000000088200000|  0%| F|  |TAMS 0x0000000088100000, 0x0000000088100000| Untracked 
|  42|0x0000000088200000, 0x0000000088200000, 0x0000000088300000|  0%| F|  |TAMS 0x0000000088200000, 0x0000000088200000| Untracked 
|  43|0x0000000088300000, 0x0000000088300000, 0x0000000088400000|  0%| F|  |TAMS 0x0000000088300000, 0x0000000088300000| Untracked 
|  44|0x0000000088400000, 0x0000000088400000, 0x0000000088500000|  0%| F|  |TAMS 0x0000000088400000, 0x0000000088400000| Untracked 
|  45|0x0000000088500000, 0x0000000088500000, 0x0000000088600000|  0%| F|  |TAMS 0x0000000088500000, 0x0000000088500000| Untracked 
|  46|0x0000000088600000, 0x0000000088600000, 0x0000000088700000|  0%| F|  |TAMS 0x0000000088600000, 0x0000000088600000| Untracked 
|  47|0x0000000088700000, 0x0000000088700000, 0x0000000088800000|  0%| F|  |TAMS 0x0000000088700000, 0x0000000088700000| Untracked 
|  48|0x0000000088800000, 0x0000000088800000, 0x0000000088900000|  0%| F|  |TAMS 0x0000000088800000, 0x0000000088800000| Untracked 
|  49|0x0000000088900000, 0x0000000088900000, 0x0000000088a00000|  0%| F|  |TAMS 0x0000000088900000, 0x0000000088900000| Untracked 
|  50|0x0000000088a00000, 0x0000000088a00000, 0x0000000088b00000|  0%| F|  |TAMS 0x0000000088a00000, 0x0000000088a00000| Untracked 
|  51|0x0000000088b00000, 0x0000000088b00000, 0x0000000088c00000|  0%| F|  |TAMS 0x0000000088b00000, 0x0000000088b00000| Untracked 
|  52|0x0000000088c00000, 0x0000000088c00000, 0x0000000088d00000|  0%| F|  |TAMS 0x0000000088c00000, 0x0000000088c00000| Untracked 
|  53|0x0000000088d00000, 0x0000000088d00000, 0x0000000088e00000|  0%| F|  |TAMS 0x0000000088d00000, 0x0000000088d00000| Untracked 
|  54|0x0000000088e00000, 0x0000000088e00000, 0x0000000088f00000|  0%| F|  |TAMS 0x0000000088e00000, 0x0000000088e00000| Untracked 
|  55|0x0000000088f00000, 0x0000000088f00000, 0x0000000089000000|  0%| F|  |TAMS 0x0000000088f00000, 0x0000000088f00000| Untracked 
|  56|0x0000000089000000, 0x0000000089000000, 0x0000000089100000|  0%| F|  |TAMS 0x0000000089000000, 0x0000000089000000| Untracked 
|  57|0x0000000089100000, 0x0000000089100000, 0x0000000089200000|  0%| F|  |TAMS 0x0000000089100000, 0x0000000089100000| Untracked 
|  58|0x0000000089200000, 0x0000000089200000, 0x0000000089300000|  0%| F|  |TAMS 0x0000000089200000, 0x0000000089200000| Untracked 
|  59|0x0000000089300000, 0x0000000089300000, 0x0000000089400000|  0%| F|  |TAMS 0x0000000089300000, 0x0000000089300000| Untracked 
|  60|0x0000000089400000, 0x0000000089400000, 0x0000000089500000|  0%| F|  |TAMS 0x0000000089400000, 0x0000000089400000| Untracked 
|  61|0x0000000089500000, 0x0000000089500000, 0x0000000089600000|  0%| F|  |TAMS 0x0000000089500000, 0x0000000089500000| Untracked 
|  62|0x0000000089600000, 0x0000000089600000, 0x0000000089700000|  0%| F|  |TAMS 0x0000000089600000, 0x0000000089600000| Untracked 
|  63|0x0000000089700000, 0x0000000089700000, 0x0000000089800000|  0%| F|  |TAMS 0x0000000089700000, 0x0000000089700000| Untracked 
|  64|0x0000000089800000, 0x0000000089800000, 0x0000000089900000|  0%| F|  |TAMS 0x0000000089800000, 0x0000000089800000| Untracked 
|  65|0x0000000089900000, 0x0000000089900000, 0x0000000089a00000|  0%| F|  |TAMS 0x0000000089900000, 0x0000000089900000| Untracked 
|  66|0x0000000089a00000, 0x0000000089a00000, 0x0000000089b00000|  0%| F|  |TAMS 0x0000000089a00000, 0x0000000089a00000| Untracked 
|  67|0x0000000089b00000, 0x0000000089b00000, 0x0000000089c00000|  0%| F|  |TAMS 0x0000000089b00000, 0x0000000089b00000| Untracked 
|  68|0x0000000089c00000, 0x0000000089c00000, 0x0000000089d00000|  0%| F|  |TAMS 0x0000000089c00000, 0x0000000089c00000| Untracked 
|  69|0x0000000089d00000, 0x0000000089d00000, 0x0000000089e00000|  0%| F|  |TAMS 0x0000000089d00000, 0x0000000089d00000| Untracked 
|  70|0x0000000089e00000, 0x0000000089e00000, 0x0000000089f00000|  0%| F|  |TAMS 0x0000000089e00000, 0x0000000089e00000| Untracked 
|  71|0x0000000089f00000, 0x0000000089f00000, 0x000000008a000000|  0%| F|  |TAMS 0x0000000089f00000, 0x0000000089f00000| Untracked 
|  72|0x000000008a000000, 0x000000008a000000, 0x000000008a100000|  0%| F|  |TAMS 0x000000008a000000, 0x000000008a000000| Untracked 
|  73|0x000000008a100000, 0x000000008a100000, 0x000000008a200000|  0%| F|  |TAMS 0x000000008a100000, 0x000000008a100000| Untracked 
|  74|0x000000008a200000, 0x000000008a200000, 0x000000008a300000|  0%| F|  |TAMS 0x000000008a200000, 0x000000008a200000| Untracked 
|  75|0x000000008a300000, 0x000000008a300000, 0x000000008a400000|  0%| F|  |TAMS 0x000000008a300000, 0x000000008a300000| Untracked 
|  76|0x000000008a400000, 0x000000008a400000, 0x000000008a500000|  0%| F|  |TAMS 0x000000008a400000, 0x000000008a400000| Untracked 
|  77|0x000000008a500000, 0x000000008a500000, 0x000000008a600000|  0%| F|  |TAMS 0x000000008a500000, 0x000000008a500000| Untracked 
|  78|0x000000008a600000, 0x000000008a600000, 0x000000008a700000|  0%| F|  |TAMS 0x000000008a600000, 0x000000008a600000| Untracked 
|  79|0x000000008a700000, 0x000000008a700000, 0x000000008a800000|  0%| F|  |TAMS 0x000000008a700000, 0x000000008a700000| Untracked 
|  80|0x000000008a800000, 0x000000008a800000, 0x000000008a900000|  0%| F|  |TAMS 0x000000008a800000, 0x000000008a800000| Untracked 
|  81|0x000000008a900000, 0x000000008a900000, 0x000000008aa00000|  0%| F|  |TAMS 0x000000008a900000, 0x000000008a900000| Untracked 
|  82|0x000000008aa00000, 0x000000008aa00000, 0x000000008ab00000|  0%| F|  |TAMS 0x000000008aa00000, 0x000000008aa00000| Untracked 
|  83|0x000000008ab00000, 0x000000008ab00000, 0x000000008ac00000|  0%| F|  |TAMS 0x000000008ab00000, 0x000000008ab00000| Untracked 
|  84|0x000000008ac00000, 0x000000008ac00000, 0x000000008ad00000|  0%| F|  |TAMS 0x000000008ac00000, 0x000000008ac00000| Untracked 
|  85|0x000000008ad00000, 0x000000008ad00000, 0x000000008ae00000|  0%| F|  |TAMS 0x000000008ad00000, 0x000000008ad00000| Untracked 
|  86|0x000000008ae00000, 0x000000008ae00000, 0x000000008af00000|  0%| F|  |TAMS 0x000000008ae00000, 0x000000008ae00000| Untracked 
|  87|0x000000008af00000, 0x000000008af00000, 0x000000008b000000|  0%| F|  |TAMS 0x000000008af00000, 0x000000008af00000| Untracked 
|  88|0x000000008b000000, 0x000000008b000000, 0x000000008b100000|  0%| F|  |TAMS 0x000000008b000000, 0x000000008b000000| Untracked 
|  89|0x000000008b100000, 0x000000008b100000, 0x000000008b200000|  0%| F|  |TAMS 0x000000008b100000, 0x000000008b100000| Untracked 
|  90|0x000000008b200000, 0x000000008b200000, 0x000000008b300000|  0%| F|  |TAMS 0x000000008b200000, 0x000000008b200000| Untracked 
|  91|0x000000008b300000, 0x000000008b300000, 0x000000008b400000|  0%| F|  |TAMS 0x000000008b300000, 0x000000008b300000| Untracked 
|  92|0x000000008b400000, 0x000000008b400000, 0x000000008b500000|  0%| F|  |TAMS 0x000000008b400000, 0x000000008b400000| Untracked 
|  93|0x000000008b500000, 0x000000008b500000, 0x000000008b600000|  0%| F|  |TAMS 0x000000008b500000, 0x000000008b500000| Untracked 
|  94|0x000000008b600000, 0x000000008b600000, 0x000000008b700000|  0%| F|  |TAMS 0x000000008b600000, 0x000000008b600000| Untracked 
|  95|0x000000008b700000, 0x000000008b700000, 0x000000008b800000|  0%| F|  |TAMS 0x000000008b700000, 0x000000008b700000| Untracked 
|  96|0x000000008b800000, 0x000000008b800000, 0x000000008b900000|  0%| F|  |TAMS 0x000000008b800000, 0x000000008b800000| Untracked 
|  97|0x000000008b900000, 0x000000008b900000, 0x000000008ba00000|  0%| F|  |TAMS 0x000000008b900000, 0x000000008b900000| Untracked 
|  98|0x000000008ba00000, 0x000000008ba00000, 0x000000008bb00000|  0%| F|  |TAMS 0x000000008ba00000, 0x000000008ba00000| Untracked 
|  99|0x000000008bb00000, 0x000000008bb00000, 0x000000008bc00000|  0%| F|  |TAMS 0x000000008bb00000, 0x000000008bb00000| Untracked 
| 100|0x000000008bc00000, 0x000000008bc00000, 0x000000008bd00000|  0%| F|  |TAMS 0x000000008bc00000, 0x000000008bc00000| Untracked 
| 101|0x000000008bd00000, 0x000000008bd00000, 0x000000008be00000|  0%| F|  |TAMS 0x000000008bd00000, 0x000000008bd00000| Untracked 
| 102|0x000000008be00000, 0x000000008be00000, 0x000000008bf00000|  0%| F|  |TAMS 0x000000008be00000, 0x000000008be00000| Untracked 
| 103|0x000000008bf00000, 0x000000008bf00000, 0x000000008c000000|  0%| F|  |TAMS 0x000000008bf00000, 0x000000008bf00000| Untracked 
| 104|0x000000008c000000, 0x000000008c0ec090, 0x000000008c100000| 92%| E|  |TAMS 0x000000008c000000, 0x000000008c000000| Complete 
| 105|0x000000008c100000, 0x000000008c200000, 0x000000008c200000|100%| E|CS|TAMS 0x000000008c100000, 0x000000008c100000| Complete 
| 106|0x000000008c200000, 0x000000008c300000, 0x000000008c300000|100%| E|CS|TAMS 0x000000008c200000, 0x000000008c200000| Complete 
| 107|0x000000008c300000, 0x000000008c400000, 0x000000008c400000|100%| E|CS|TAMS 0x000000008c300000, 0x000000008c300000| Complete 
| 108|0x000000008c400000, 0x000000008c500000, 0x000000008c500000|100%| E|CS|TAMS 0x000000008c400000, 0x000000008c400000| Complete 
| 109|0x000000008c500000, 0x000000008c600000, 0x000000008c600000|100%| E|CS|TAMS 0x000000008c500000, 0x000000008c500000| Complete 
| 110|0x000000008c600000, 0x000000008c700000, 0x000000008c700000|100%| E|CS|TAMS 0x000000008c600000, 0x000000008c600000| Complete 
| 111|0x000000008c700000, 0x000000008c800000, 0x000000008c800000|100%| E|CS|TAMS 0x000000008c700000, 0x000000008c700000| Complete 
| 112|0x000000008c800000, 0x000000008c900000, 0x000000008c900000|100%| E|CS|TAMS 0x000000008c800000, 0x000000008c800000| Complete 
| 113|0x000000008c900000, 0x000000008ca00000, 0x000000008ca00000|100%| E|CS|TAMS 0x000000008c900000, 0x000000008c900000| Complete 
| 114|0x000000008ca00000, 0x000000008cb00000, 0x000000008cb00000|100%| E|CS|TAMS 0x000000008ca00000, 0x000000008ca00000| Complete 
| 115|0x000000008cb00000, 0x000000008cc00000, 0x000000008cc00000|100%| E|CS|TAMS 0x000000008cb00000, 0x000000008cb00000| Complete 
| 116|0x000000008cc00000, 0x000000008cd00000, 0x000000008cd00000|100%| E|  |TAMS 0x000000008cc00000, 0x000000008cc00000| Complete 
| 117|0x000000008cd00000, 0x000000008ce00000, 0x000000008ce00000|100%| E|CS|TAMS 0x000000008cd00000, 0x000000008cd00000| Complete 
| 118|0x000000008ce00000, 0x000000008cf00000, 0x000000008cf00000|100%| E|CS|TAMS 0x000000008ce00000, 0x000000008ce00000| Complete 
| 119|0x000000008cf00000, 0x000000008d000000, 0x000000008d000000|100%| E|CS|TAMS 0x000000008cf00000, 0x000000008cf00000| Complete 
| 120|0x000000008d000000, 0x000000008d100000, 0x000000008d100000|100%| E|CS|TAMS 0x000000008d000000, 0x000000008d000000| Complete 
| 121|0x000000008d100000, 0x000000008d200000, 0x000000008d200000|100%| E|CS|TAMS 0x000000008d100000, 0x000000008d100000| Complete 
| 122|0x000000008d200000, 0x000000008d300000, 0x000000008d300000|100%| E|CS|TAMS 0x000000008d200000, 0x000000008d200000| Complete 
| 123|0x000000008d300000, 0x000000008d400000, 0x000000008d400000|100%| E|CS|TAMS 0x000000008d300000, 0x000000008d300000| Complete 

Card table byte_map: [0x0000017874300000,0x00000178746e0000] _byte_map_base: 0x0000017873ed4000

Marking Bits (Prev, Next): (CMBitMap*) 0x000001785b3e8a20, (CMBitMap*) 0x000001785b3e8a60
 Prev Bits: [0x0000017874ac0000, 0x0000017876960000)
 Next Bits: [0x0000017876960000, 0x0000017878800000)

Polling page: 0x000001785b440000

Metaspace:

Usage:
  Non-class:      6.97 MB used.
      Class:    825.72 KB used.
       Both:      7.77 MB used.

Virtual space:
  Non-class space:       64.00 MB reserved,       7.06 MB ( 11%) committed,  1 nodes.
      Class space:        1.00 GB reserved,     896.00 KB ( <1%) committed,  1 nodes.
             Both:        1.06 GB reserved,       7.94 MB ( <1%) committed. 

Chunk freelists:
   Non-Class:  906.00 KB
       Class:  3.07 MB
        Both:  3.95 MB

MaxMetaspaceSize: unlimited
CompressedClassSpaceSize: 1.00 GB
Initial GC threshold: 21.00 MB
Current GC threshold: 21.00 MB
CDS: on
MetaspaceReclaimPolicy: balanced
 - commit_granule_bytes: 65536.
 - commit_granule_words: 8192.
 - virtual_space_node_default_size: 8388608.
 - enlarge_chunks_in_place: 1.
 - new_chunks_are_fully_committed: 0.
 - uncommit_free_chunks: 1.
 - use_allocation_guard: 0.


Internal statistics:

num_allocs_failed_limit: 0.
num_arena_births: 190.
num_arena_deaths: 0.
num_vsnodes_births: 2.
num_vsnodes_deaths: 0.
num_space_committed: 127.
num_space_uncommitted: 0.
num_chunks_returned_to_freelist: 0.
num_chunks_taken_from_freelist: 317.
num_chunk_merges: 0.
num_chunk_splits: 213.
num_chunks_enlarged: 143.
num_inconsistent_stats: 0.

CodeHeap 'non-profiled nmethods': size=120000Kb used=453Kb max_used=453Kb free=119546Kb
 bounds [0x000001786bf90000, 0x000001786c200000, 0x00000178734c0000]
CodeHeap 'profiled nmethods': size=120000Kb used=2285Kb max_used=2285Kb free=117714Kb
 bounds [0x0000017864a60000, 0x0000017864cd0000, 0x000001786bf90000]
CodeHeap 'non-nmethods': size=5760Kb used=1201Kb max_used=1236Kb free=4558Kb
 bounds [0x00000178644c0000, 0x0000017864730000, 0x0000017864a60000]
 total_blobs=1788 nmethods=1310 adapters=391
 compilation: enabled
              stopped_count=0, restarted_count=0
 full_count=0

Compilation events (20 events):
Event: 1.633 Thread 0x000001787b27cfe0 nmethod 1294 0x0000017864c9a210 code [0x0000017864c9a3e0, 0x0000017864c9a958]
Event: 1.633 Thread 0x000001787b27cfe0 1295       3       java.lang.Class::getReflectionFactory (26 bytes)
Event: 1.634 Thread 0x000001787b27cfe0 nmethod 1295 0x0000017864c9aa90 code [0x0000017864c9aca0, 0x0000017864c9b348]
Event: 1.634 Thread 0x000001787b27cfe0 1293       1       org.apache.tomcat.util.XReflectionIntrospectionUtils::isEnabled (2 bytes)
Event: 1.634 Thread 0x000001787b27cfe0 nmethod 1293 0x000001786bffcc10 code [0x000001786bffcda0, 0x000001786bffce58]
Event: 1.634 Thread 0x000001787b27cfe0 1298   !   3       org.apache.tomcat.util.IntrospectionUtils::setProperty (939 bytes)
Event: 1.637 Thread 0x000001787f8882e0 1302       4       com.sun.org.apache.xerces.internal.impl.XMLEntityScanner::checkEntityLimit (50 bytes)
Event: 1.638 Thread 0x000001787f8882e0 nmethod 1302 0x000001786bffcf10 code [0x000001786bffd080, 0x000001786bffd158]
Event: 1.640 Thread 0x000001787b278960 1304       4       com.sun.org.apache.xerces.internal.impl.dtd.DTDGrammar::getNextAttributeDeclIndex (20 bytes)
Event: 1.641 Thread 0x000001787b278960 nmethod 1304 0x000001786bffd210 code [0x000001786bffd380, 0x000001786bffd478]
Event: 1.643 Thread 0x000001787b278960 1306       4       java.lang.reflect.Method::getParameterTypes (11 bytes)
Event: 1.644 Thread 0x000001787f8882e0 1307       4       java.util.Objects::checkIndex (7 bytes)
Event: 1.644 Thread 0x000001787f8882e0 nmethod 1307 0x000001786bffd590 code [0x000001786bffd700, 0x000001786bffd798]
Event: 1.645 Thread 0x000001787b278960 nmethod 1306 0x000001786bffd890 code [0x000001786bffda20, 0x000001786bffdb78]
Event: 1.646 Thread 0x000001787b278960 1308       4       com.sun.org.apache.xerces.internal.util.XMLChar::isSpace (22 bytes)
Event: 1.647 Thread 0x000001787b278960 nmethod 1308 0x000001786bffdc90 code [0x000001786bffde00, 0x000001786bffde98]
Event: 1.648 Thread 0x000001787b278960 1309       4       java.util.ArrayList::get (15 bytes)
Event: 1.649 Thread 0x000001787b278960 nmethod 1309 0x000001786bffdf90 code [0x000001786bffe100, 0x000001786bffe1f8]
Event: 1.664 Thread 0x000001787f8882e0 1314       4       java.util.HashMap::get (19 bytes)
Event: 1.665 Thread 0x000001787b278960 1315       4       java.lang.StringBuilder::toString (35 bytes)

GC Heap History (0 events):
No events

Deoptimization events (20 events):
Event: 1.295 Thread 0x000001787f5d30d0 Uncommon trap: trap_request=0xffffff45 fr.pc=0x000001786bfc07b8 relative=0x0000000000000178
Event: 1.295 Thread 0x000001787f5d30d0 Uncommon trap: reason=unstable_if action=reinterpret pc=0x000001786bfc07b8 method=java.util.concurrent.ConcurrentHashMap.addCount(JI)V @ 34 c2
Event: 1.295 Thread 0x000001787f5d30d0 DEOPT PACKING pc=0x000001786bfc07b8 sp=0x0000001d6c6fd9b0
Event: 1.295 Thread 0x000001787f5d30d0 DEOPT UNPACKING pc=0x0000017864515c23 sp=0x0000001d6c6fd8f0 mode 2
Event: 1.364 Thread 0x000001785b38e190 Uncommon trap: trap_request=0xffffffde fr.pc=0x000001786bfe05c8 relative=0x0000000000000568
Event: 1.364 Thread 0x000001785b38e190 Uncommon trap: reason=class_check action=maybe_recompile pc=0x000001786bfe05c8 method=java.util.HashMap.putVal(ILjava/lang/Object;Ljava/lang/Object;ZZ)Ljava/lang/Object; @ 253 c2
Event: 1.364 Thread 0x000001785b38e190 DEOPT PACKING pc=0x000001786bfe05c8 sp=0x0000001d6b2fcdc0
Event: 1.365 Thread 0x000001785b38e190 DEOPT UNPACKING pc=0x0000017864515c23 sp=0x0000001d6b2fcd70 mode 2
Event: 1.443 Thread 0x000001785b38e190 Uncommon trap: trap_request=0xffffffde fr.pc=0x000001786bfe05c8 relative=0x0000000000000568
Event: 1.443 Thread 0x000001785b38e190 Uncommon trap: reason=class_check action=maybe_recompile pc=0x000001786bfe05c8 method=java.util.HashMap.putVal(ILjava/lang/Object;Ljava/lang/Object;ZZ)Ljava/lang/Object; @ 253 c2
Event: 1.443 Thread 0x000001785b38e190 DEOPT PACKING pc=0x000001786bfe05c8 sp=0x0000001d6b2fdf80
Event: 1.444 Thread 0x000001785b38e190 DEOPT UNPACKING pc=0x0000017864515c23 sp=0x0000001d6b2fdf30 mode 2
Event: 1.444 Thread 0x000001785b38e190 Uncommon trap: trap_request=0xffffffde fr.pc=0x000001786bfe05c8 relative=0x0000000000000568
Event: 1.444 Thread 0x000001785b38e190 Uncommon trap: reason=class_check action=maybe_recompile pc=0x000001786bfe05c8 method=java.util.HashMap.putVal(ILjava/lang/Object;Ljava/lang/Object;ZZ)Ljava/lang/Object; @ 253 c2
Event: 1.444 Thread 0x000001785b38e190 DEOPT PACKING pc=0x000001786bfe05c8 sp=0x0000001d6b2fdf80
Event: 1.444 Thread 0x000001785b38e190 DEOPT UNPACKING pc=0x0000017864515c23 sp=0x0000001d6b2fdf30 mode 2
Event: 1.444 Thread 0x000001785b38e190 Uncommon trap: trap_request=0xffffffde fr.pc=0x000001786bfe05c8 relative=0x0000000000000568
Event: 1.444 Thread 0x000001785b38e190 Uncommon trap: reason=class_check action=maybe_recompile pc=0x000001786bfe05c8 method=java.util.HashMap.putVal(ILjava/lang/Object;Ljava/lang/Object;ZZ)Ljava/lang/Object; @ 253 c2
Event: 1.444 Thread 0x000001785b38e190 DEOPT PACKING pc=0x000001786bfe05c8 sp=0x0000001d6b2fdf80
Event: 1.444 Thread 0x000001785b38e190 DEOPT UNPACKING pc=0x0000017864515c23 sp=0x0000001d6b2fdf30 mode 2

Classes loaded (20 events):
Event: 1.568 Loading class com/sun/org/apache/xerces/internal/impl/dtd/models/ContentModelValidator
Event: 1.569 Loading class com/sun/org/apache/xerces/internal/impl/dtd/models/ContentModelValidator done
Event: 1.570 Loading class com/sun/org/apache/xerces/internal/impl/dtd/XMLContentSpec
Event: 1.570 Loading class com/sun/org/apache/xerces/internal/impl/dtd/XMLContentSpec done
Event: 1.570 Loading class com/sun/org/apache/xerces/internal/impl/XMLDocumentScannerImpl$DTDDriver
Event: 1.571 Loading class com/sun/org/apache/xerces/internal/impl/XMLDocumentScannerImpl$DTDDriver done
Event: 1.571 Loading class com/sun/org/apache/xerces/internal/impl/XMLEntityDescription
Event: 1.571 Loading class com/sun/org/apache/xerces/internal/impl/XMLEntityDescription done
Event: 1.571 Loading class com/sun/xml/internal/stream/StaxXMLInputSource
Event: 1.572 Loading class com/sun/xml/internal/stream/StaxXMLInputSource done
Event: 1.572 Loading class java/net/HttpURLConnection
Event: 1.573 Loading class java/net/HttpURLConnection done
Event: 1.578 Loading class com/sun/xml/internal/stream/Entity$InternalEntity
Event: 1.578 Loading class com/sun/xml/internal/stream/Entity$InternalEntity done
Event: 1.588 Loading class javax/management/ServiceNotFoundException
Event: 1.589 Loading class javax/management/ServiceNotFoundException done
Event: 1.589 Loading class javax/management/AttributeNotFoundException
Event: 1.589 Loading class javax/management/AttributeNotFoundException done
Event: 1.614 Loading class java/util/function/UnaryOperator
Event: 1.614 Loading class java/util/function/UnaryOperator done

Classes unloaded (0 events):
No events

Classes redefined (0 events):
No events

Internal exceptions (20 events):
Event: 0.418 Thread 0x000001785b38e190 Exception <a 'java/lang/ClassNotFoundException'{0x000000008cfb8140}: sun/net/www/protocol/c/Handler> (0x000000008cfb8140) 
thrown [s\open\src\hotspot\share\classfile\systemDictionary.cpp, line 255]
Event: 0.418 Thread 0x000001785b38e190 Exception <a 'java/lang/ClassNotFoundException'{0x000000008cfb8fe0}: sun/net/www/protocol/c/Handler> (0x000000008cfb8fe0) 
thrown [s\open\src\hotspot\share\classfile\systemDictionary.cpp, line 255]
Event: 0.629 Thread 0x000001785b38e190 Exception <a 'java/lang/NoSuchMethodError'{0x000000008cde3d38}: 'java.lang.Object java.lang.invoke.DirectMethodHandle$Holder.invokeInterface(java.lang.Object, java.lang.Object)'> (0x000000008cde3d38) 
thrown [s\open\src\hotspot\share\interpreter\linkResolver.cpp, line 766]
Event: 0.668 Thread 0x000001785b38e190 Exception <a 'java/lang/NoSuchMethodError'{0x000000008cc38750}: 'void java.lang.invoke.DirectMethodHandle$Holder.invokeVirtual(java.lang.Object, java.lang.Object, int)'> (0x000000008cc38750) 
thrown [s\open\src\hotspot\share\interpreter\linkResolver.cpp, line 766]
Event: 0.670 Thread 0x000001785b38e190 Exception <a 'java/lang/NoSuchMethodError'{0x000000008cc3cef0}: 'int java.lang.invoke.DirectMethodHandle$Holder.invokeSpecial(java.lang.Object, java.lang.Object, java.lang.Object, int)'> (0x000000008cc3cef0) 
thrown [s\open\src\hotspot\share\interpreter\linkResolver.cpp, line 766]
Event: 0.676 Thread 0x000001785b38e190 Exception <a 'java/lang/NoSuchMethodError'{0x000000008cc4f790}: 'java.lang.Object java.lang.invoke.DirectMethodHandle$Holder.invokeStatic(java.lang.Object, java.lang.Object, java.lang.Object, java.lang.Object, int)'> (0x000000008cc4f790) 
thrown [s\open\src\hotspot\share\interpreter\linkResolver.cpp, line 766]
Event: 0.679 Thread 0x000001785b38e190 Exception <a 'java/lang/NoSuchMethodError'{0x000000008cc5ac30}: 'void java.lang.invoke.DelegatingMethodHandle$Holder.reinvoke_L(java.lang.Object, java.lang.Object, int)'> (0x000000008cc5ac30) 
thrown [s\open\src\hotspot\share\interpreter\linkResolver.cpp, line 766]
Event: 0.681 Thread 0x000001785b38e190 Exception <a 'java/lang/NoSuchMethodError'{0x000000008cc61c28}: 'int java.lang.invoke.DirectMethodHandle$Holder.invokeSpecial(java.lang.Object, java.lang.Object, java.lang.Object)'> (0x000000008cc61c28) 
thrown [s\open\src\hotspot\share\interpreter\linkResolver.cpp, line 766]
Event: 0.943 Thread 0x000001785b38e190 Exception <a 'java/lang/NoSuchMethodError'{0x000000008c907780}: 'void java.lang.invoke.DirectMethodHandle$Holder.invokeSpecial(java.lang.Object, java.lang.Object, int)'> (0x000000008c907780) 
thrown [s\open\src\hotspot\share\interpreter\linkResolver.cpp, line 766]
Event: 0.944 Thread 0x000001785b38e190 Exception <a 'java/lang/NoSuchMethodError'{0x000000008c90b960}: 'void java.lang.invoke.DirectMethodHandle$Holder.invokeSpecial(java.lang.Object, java.lang.Object, java.lang.Object)'> (0x000000008c90b960) 
thrown [s\open\src\hotspot\share\interpreter\linkResolver.cpp, line 766]
Event: 0.976 Thread 0x000001785b38e190 Exception <a 'java/lang/NoSuchMethodError'{0x000000008c967850}: 'void java.lang.invoke.DirectMethodHandle$Holder.invokeVirtual(java.lang.Object, java.lang.Object, java.lang.Object, java.lang.Object)'> (0x000000008c967850) 
thrown [s\open\src\hotspot\share\interpreter\linkResolver.cpp, line 766]
Event: 0.977 Thread 0x000001785b38e190 Exception <a 'java/lang/NoSuchMethodError'{0x000000008c96b970}: 'void java.lang.invoke.DirectMethodHandle$Holder.invokeSpecial(java.lang.Object, java.lang.Object, java.lang.Object, java.lang.Object, java.lang.Object)'> (0x000000008c96b970) 
thrown [s\open\src\hotspot\share\interpreter\linkResolver.cpp, line 766]
Event: 1.119 Thread 0x000001785b38e190 Exception <a 'java/lang/NoSuchMethodError'{0x000000008c78efc0}: 'int java.lang.invoke.DirectMethodHandle$Holder.invokeVirtual(java.lang.Object, java.lang.Object, java.lang.Object, java.lang.Object)'> (0x000000008c78efc0) 
thrown [s\open\src\hotspot\share\interpreter\linkResolver.cpp, line 766]
Event: 1.121 Thread 0x000001785b38e190 Exception <a 'java/lang/NoSuchMethodError'{0x000000008c796628}: 'int java.lang.invoke.DelegatingMethodHandle$Holder.reinvoke_L(java.lang.Object, java.lang.Object, java.lang.Object, java.lang.Object)'> (0x000000008c796628) 
thrown [s\open\src\hotspot\share\interpreter\linkResolver.cpp, line 766]
Event: 1.176 Thread 0x000001787b272e50 Exception <a 'java/lang/NoSuchMethodError'{0x000000008c6e43c0}: 'java.lang.Object java.lang.invoke.Invokers$Holder.invokeExact_MT(java.lang.Object, java.lang.Object, java.lang.Object, java.lang.Object, java.lang.Object, java.lang.Object)'> (0x000000008c6e43c0) 
thrown [s\open\src\hotspot\share\interpreter\linkResolver.cpp, line 766]
Event: 1.270 Thread 0x000001785b38e190 Exception <a 'java/lang/ClassNotFoundException'{0x000000008c46db30}: sun/util/logging/resources/spi/loggingProvider> (0x000000008c46db30) 
thrown [s\open\src\hotspot\share\classfile\systemDictionary.cpp, line 255]
Event: 1.376 Thread 0x000001785b38e190 Exception <a 'java/lang/NoSuchMethodError'{0x000000008c3c03d0}: 'void java.lang.invoke.DirectMethodHandle$Holder.invokeStatic(java.lang.Object, java.lang.Object, int)'> (0x000000008c3c03d0) 
thrown [s\open\src\hotspot\share\interpreter\linkResolver.cpp, line 766]
Event: 1.404 Thread 0x000001785b38e190 Exception <a 'java/lang/NoSuchMethodError'{0x000000008c3f7430}: 'int java.lang.invoke.DirectMethodHandle$Holder.invokeInterface(java.lang.Object, java.lang.Object)'> (0x000000008c3f7430) 
thrown [s\open\src\hotspot\share\interpreter\linkResolver.cpp, line 766]
Event: 1.404 Thread 0x000001785b38e190 Exception <a 'java/lang/IncompatibleClassChangeError'{0x000000008c3fa910}: Found class java.lang.Object, but interface was expected> (0x000000008c3fa910) 
thrown [s\open\src\hotspot\share\interpreter\linkResolver.cpp, line 833]
Event: 1.615 Thread 0x000001785b38e190 Exception <a 'java/lang/NoSuchMethodError'{0x000000008c1eeae0}: 'int java.lang.invoke.DirectMethodHandle$Holder.invokeVirtual(java.lang.Object, java.lang.Object, java.lang.Object)'> (0x000000008c1eeae0) 
thrown [s\open\src\hotspot\share\interpreter\linkResolver.cpp, line 766]

VM Operations (16 events):
Event: 0.124 Executing VM operation: HandshakeAllThreads
Event: 0.124 Executing VM operation: HandshakeAllThreads done
Event: 0.226 Executing VM operation: HandshakeAllThreads
Event: 0.226 Executing VM operation: HandshakeAllThreads done
Event: 0.270 Executing VM operation: HandshakeAllThreads
Event: 0.270 Executing VM operation: HandshakeAllThreads done
Event: 0.627 Executing VM operation: HandshakeAllThreads
Event: 0.627 Executing VM operation: HandshakeAllThreads done
Event: 0.648 Executing VM operation: HandshakeAllThreads
Event: 0.648 Executing VM operation: HandshakeAllThreads done
Event: 0.711 Executing VM operation: HandshakeAllThreads
Event: 0.711 Executing VM operation: HandshakeAllThreads done
Event: 1.413 Executing VM operation: HandshakeAllThreads
Event: 1.413 Executing VM operation: HandshakeAllThreads done
Event: 1.413 Executing VM operation: Cleanup
Event: 1.413 Executing VM operation: Cleanup done

Events (20 events):
Event: 0.062 Thread 0x000001787b275800 Thread added: 0x000001787b275800
Event: 0.062 Thread 0x000001787b276940 Thread added: 0x000001787b276940
Event: 0.062 Thread 0x000001787b278960 Thread added: 0x000001787b278960
Event: 0.062 Thread 0x000001787b27cfe0 Thread added: 0x000001787b27cfe0
Event: 0.063 Thread 0x000001787b27e160 Thread added: 0x000001787b27e160
Event: 0.108 Thread 0x000001787b23e7d0 Thread added: 0x000001787b23e7d0
Event: 0.154 Loaded shared library C:\Program Files\Java\jdk-18.0.1.1\bin\zip.dll
Event: 0.160 Loaded shared library C:\Program Files\Java\jdk-18.0.1.1\bin\instrument.dll
Event: 0.170 Loaded shared library C:\Program Files\Java\jdk-18.0.1.1\bin\net.dll
Event: 0.174 Loaded shared library C:\Program Files\Java\jdk-18.0.1.1\bin\nio.dll
Event: 0.182 Loaded shared library C:\Program Files\Java\jdk-18.0.1.1\bin\zip.dll
Event: 0.222 Loaded shared library C:\Program Files\JetBrains\IntelliJ IDEA Community Edition 2024.1.4\bin\breakgen64.dll
Event: 0.223 Thread 0x000001787f590020 Thread added: 0x000001787f590020
Event: 0.223 Thread 0x000001787f5904e0 Thread added: 0x000001787f5904e0
Event: 0.234 Loaded shared library C:\Program Files\Java\jdk-18.0.1.1\bin\jimage.dll
Event: 0.276 Thread 0x000001787f5d30d0 Thread added: 0x000001787f5d30d0
Event: 0.383 Thread 0x000001787f6cbdc0 Thread added: 0x000001787f6cbdc0
Event: 0.972 Thread 0x000001787f8882e0 Thread added: 0x000001787f8882e0
Event: 1.279 Loaded shared library C:\Program Files\Java\jdk-18.0.1.1\bin\management.dll
Event: 1.282 Loaded shared library C:\Program Files\Java\jdk-18.0.1.1\bin\management_ext.dll


Dynamic libraries:
0x00007ff6585b0000 - 0x00007ff6585c0000 	C:\Program Files\Java\jdk-18.0.1.1\bin\java.exe
0x00007ff97c6f0000 - 0x00007ff97c907000 	C:\WINDOWS\SYSTEM32\ntdll.dll
0x00007ff97be10000 - 0x00007ff97bed4000 	C:\WINDOWS\System32\KERNEL32.DLL
0x00007ff979c20000 - 0x00007ff979fcd000 	C:\WINDOWS\System32\KERNELBASE.dll
0x00007ff97a2d0000 - 0x00007ff97a3e1000 	C:\WINDOWS\System32\ucrtbase.dll
0x00007ff960a20000 - 0x00007ff960a3a000 	C:\Program Files\Java\jdk-18.0.1.1\bin\VCRUNTIME140.dll
0x00007ff96a1c0000 - 0x00007ff96a1d8000 	C:\Program Files\Java\jdk-18.0.1.1\bin\jli.dll
0x00007ff97b400000 - 0x00007ff97b4b2000 	C:\WINDOWS\System32\ADVAPI32.dll
0x00007ff97c1f0000 - 0x00007ff97c297000 	C:\WINDOWS\System32\msvcrt.dll
0x00007ff97bf00000 - 0x00007ff97bfa9000 	C:\WINDOWS\System32\sechost.dll
0x00007ff979b80000 - 0x00007ff979ba8000 	C:\WINDOWS\System32\bcrypt.dll
0x00007ff97c380000 - 0x00007ff97c494000 	C:\WINDOWS\System32\RPCRT4.dll
0x00007ff97c4a0000 - 0x00007ff97c64e000 	C:\WINDOWS\System32\USER32.dll
0x00007ff9594f0000 - 0x00007ff959783000 	C:\WINDOWS\WinSxS\amd64_microsoft.windows.common-controls_6595b64144ccf1df_6.0.22621.3672_none_2713b9d173822955\COMCTL32.dll
0x00007ff97a3f0000 - 0x00007ff97a416000 	C:\WINDOWS\System32\win32u.dll
0x00007ff97a510000 - 0x00007ff97a539000 	C:\WINDOWS\System32\GDI32.dll
0x00007ff97a1b0000 - 0x00007ff97a2c9000 	C:\WINDOWS\System32\gdi32full.dll
0x00007ff97a090000 - 0x00007ff97a12a000 	C:\WINDOWS\System32\msvcp_win.dll
0x00007ff96ff20000 - 0x00007ff96ff2a000 	C:\WINDOWS\SYSTEM32\VERSION.dll
0x00007ff97c0d0000 - 0x00007ff97c101000 	C:\WINDOWS\System32\IMM32.DLL
0x00007ff9624a0000 - 0x00007ff9624ac000 	C:\Program Files\Java\jdk-18.0.1.1\bin\vcruntime140_1.dll
0x00007ff951f70000 - 0x00007ff951ffd000 	C:\Program Files\Java\jdk-18.0.1.1\bin\msvcp140.dll
0x00007ff920c90000 - 0x00007ff9218a0000 	C:\Program Files\Java\jdk-18.0.1.1\bin\server\jvm.dll
0x00007ff97c190000 - 0x00007ff97c198000 	C:\WINDOWS\System32\PSAPI.DLL
0x00007ff937d10000 - 0x00007ff937d19000 	C:\WINDOWS\SYSTEM32\WSOCK32.dll
0x00007ff96c870000 - 0x00007ff96c8a4000 	C:\WINDOWS\SYSTEM32\WINMM.dll
0x00007ff97c110000 - 0x00007ff97c181000 	C:\WINDOWS\System32\WS2_32.dll
0x00007ff978a10000 - 0x00007ff978a28000 	C:\WINDOWS\SYSTEM32\kernel.appcore.dll
0x00007ff9620e0000 - 0x00007ff9620ea000 	C:\Program Files\Java\jdk-18.0.1.1\bin\jimage.dll
0x00007ff976fa0000 - 0x00007ff9771d2000 	C:\WINDOWS\SYSTEM32\DBGHELP.DLL
0x00007ff97b4c0000 - 0x00007ff97b84d000 	C:\WINDOWS\System32\combase.dll
0x00007ff97a420000 - 0x00007ff97a4f7000 	C:\WINDOWS\System32\OLEAUT32.dll
0x00007ff96a110000 - 0x00007ff96a142000 	C:\WINDOWS\SYSTEM32\dbgcore.DLL
0x00007ff97a130000 - 0x00007ff97a1ab000 	C:\WINDOWS\System32\bcryptPrimitives.dll
0x00007ff96bbb0000 - 0x00007ff96bbbe000 	C:\Program Files\Java\jdk-18.0.1.1\bin\instrument.dll
0x00007ff9609d0000 - 0x00007ff9609f5000 	C:\Program Files\Java\jdk-18.0.1.1\bin\java.dll
0x00007ff925580000 - 0x00007ff925656000 	C:\Program Files\Java\jdk-18.0.1.1\bin\jsvml.dll
0x00007ff97a5c0000 - 0x00007ff97ae28000 	C:\WINDOWS\System32\SHELL32.dll
0x00007ff977910000 - 0x00007ff97820e000 	C:\WINDOWS\SYSTEM32\windows.storage.dll
0x00007ff9777d0000 - 0x00007ff97790f000 	C:\WINDOWS\SYSTEM32\wintypes.dll
0x00007ff97b300000 - 0x00007ff97b3f9000 	C:\WINDOWS\System32\SHCORE.dll
0x00007ff97c650000 - 0x00007ff97c6ae000 	C:\WINDOWS\System32\shlwapi.dll
0x00007ff979940000 - 0x00007ff979961000 	C:\WINDOWS\SYSTEM32\profapi.dll
0x00007ff95b080000 - 0x00007ff95b098000 	C:\Program Files\Java\jdk-18.0.1.1\bin\zip.dll
0x00007ff95f2a0000 - 0x00007ff95f2b3000 	C:\Program Files\Java\jdk-18.0.1.1\bin\net.dll
0x00007ff96fbd0000 - 0x00007ff96fd06000 	C:\WINDOWS\SYSTEM32\WINHTTP.dll
0x00007ff978eb0000 - 0x00007ff978f19000 	C:\WINDOWS\system32\mswsock.dll
0x00007ff95f280000 - 0x00007ff95f296000 	C:\Program Files\Java\jdk-18.0.1.1\bin\nio.dll
0x00007ff9609b0000 - 0x00007ff9609ca000 	C:\Program Files\JetBrains\IntelliJ IDEA Community Edition 2024.1.4\bin\breakgen64.dll
0x00007ff950270000 - 0x00007ff950279000 	C:\Program Files\Java\jdk-18.0.1.1\bin\management.dll
0x00007ff950100000 - 0x00007ff95010b000 	C:\Program Files\Java\jdk-18.0.1.1\bin\management_ext.dll

dbghelp: loaded successfully - version: 4.0.5 - missing functions: none
symbol engine: initialized successfully - sym options: 0x614 - pdb path: .;C:\Program Files\Java\jdk-18.0.1.1\bin;C:\WINDOWS\SYSTEM32;C:\WINDOWS\WinSxS\amd64_microsoft.windows.common-controls_6595b64144ccf1df_6.0.22621.3672_none_2713b9d173822955;C:\Program Files\Java\jdk-18.0.1.1\bin\server;C:\Program Files\JetBrains\IntelliJ IDEA Community Edition 2024.1.4\bin

VM Arguments:
jvm_args: --add-opens=java.base/java.lang=ALL-UNNAMED --add-opens=java.base/java.io=ALL-UNNAMED --add-opens=java.base/java.util=ALL-UNNAMED --add-opens=java.base/java.util.concurrent=ALL-UNNAMED --add-opens=java.rmi/sun.rmi.transport=ALL-UNNAMED -Dcatalina.home=C:\Users\Tejasvi\Downloads\apache-tomcat-9.0.59\apache-tomcat-9.0.59 -Dcatalina.base=C:\Users\Tejasvi\IdeaProjects\employee_management_assignment -Djava.io.tmpdir=C:\Users\Tejasvi\IdeaProjects\employee_management_assignment\temp -Djava.util.logging.config.file=C:\Users\Tejasvi\IdeaProjects\employee_management_assignment\conf\logging.properties -Djava.util.logging.manager=org.apache.juli.ClassLoaderLogManager -javaagent:C:\Program Files\JetBrains\IntelliJ IDEA Community Edition 2024.1.4\lib\idea_rt.jar=52101:C:\Program Files\JetBrains\IntelliJ IDEA Community Edition 2024.1.4\bin -Dfile.encoding=UTF-8 -Dsun.stdout.encoding=UTF-8 -Dsun.stderr.encoding=UTF-8 
java_command: org.apache.catalina.startup.Bootstrap start
java_class_path (initial): C:\Users\Tejasvi\Downloads\apache-tomcat-9.0.59\apache-tomcat-9.0.59\bin\bootstrap.jar;C:\Users\Tejasvi\Downloads\apache-tomcat-9.0.59\apache-tomcat-9.0.59\bin\tomcat-juli.jar
Launcher Type: SUN_STANDARD

[Global flags]
     intx CICompilerCount                          = 4                                         {product} {ergonomic}
     uint ConcGCThreads                            = 2                                         {product} {ergonomic}
     uint G1ConcRefinementThreads                  = 8                                         {product} {ergonomic}
   size_t G1HeapRegionSize                         = 1048576                                   {product} {ergonomic}
    uintx GCDrainStackTargetSize                   = 64                                        {product} {ergonomic}
   size_t InitialHeapSize                          = 130023424                                 {product} {ergonomic}
   size_t MarkStackSize                            = 4194304                                   {product} {ergonomic}
   size_t MaxHeapSize                              = 2055208960                                {product} {ergonomic}
   size_t MaxNewSize                               = 1233125376                                {product} {ergonomic}
   size_t MinHeapDeltaBytes                        = 1048576                                   {product} {ergonomic}
   size_t MinHeapSize                              = 8388608                                   {product} {ergonomic}
    uintx NonNMethodCodeHeapSize                   = 5839372                                {pd product} {ergonomic}
    uintx NonProfiledCodeHeapSize                  = 122909434                              {pd product} {ergonomic}
    uintx ProfiledCodeHeapSize                     = 122909434                              {pd product} {ergonomic}
    uintx ReservedCodeCacheSize                    = 251658240                              {pd product} {ergonomic}
     bool SegmentedCodeCache                       = true                                      {product} {ergonomic}
   size_t SoftMaxHeapSize                          = 2055208960                             {manageable} {ergonomic}
     bool UseCompressedClassPointers               = true                           {product lp64_product} {ergonomic}
     bool UseCompressedOops                        = true                           {product lp64_product} {ergonomic}
     bool UseG1GC                                  = true                                      {product} {ergonomic}
     bool UseLargePagesIndividualAllocation        = false                                  {pd product} {ergonomic}

Logging:
Log output configuration:
 #0: stdout all=warning uptime,level,tags foldmultilines=false
 #1: stderr all=off uptime,level,tags foldmultilines=false

Environment Variables:
PATH=C:\Ruby32-x64\bin;C:\oraclexe\app\oracle\product\11.2.0\server\bin;C:\Oracle21c\bin;C:\Program Files\Common Files\Oracle\Java\javapath;C:\Program Files (x86)\Common Files\Oracle\Java\javapath;C:\Program Files\Java\jdk-17.0.2\bin;C:\Program Files\Java\jdk-9.0.1\bin;C:\Program Files\Java\jdk1.8.0_333\bin;C:\php-8.1.8;C:\WINDOWS\system32;C:\WINDOWS;C:\WINDOWS\System32\Wbem;C:\WINDOWS\System32\WindowsPowerShell\v1.0\;C:\WINDOWS\System32\OpenSSH\;C:\mongosh\mongosh-1.8.0-win32-x64\bin;C:\Program Files\MongoDB\Server\6.0\bin;C:\Program Files\Microsoft SQL Server\150\Tools\Binn\;C:\Program Files\Microsoft SQL Server\Client SDK\ODBC\170\Tools\Binn\;C:\Program Files (x86)\Microsoft SQL Server\160\Tools\Binn\;C:\Program Files\Microsoft SQL Server\160\Tools\Binn\;C:\Program Files\Microsoft SQL Server\160\DTS\Binn\;C:\Program Files (x86)\Microsoft SQL Server\160\DTS\Binn\;C:\Program Files\Microsoft SQL Server\130\Tools\Binn\;C:\Program Files\dotnet\;C:\Program Files (x86)\dotnet\;C:\Program Files\Git\cmd;C:\Program Files\nodejs\;C:\ProgramData\chocolatey\bin;C:\Program Files\MySQL\MySQL Shell 8.0\bin\;C:\Users\Tejasvi\AppData\Local\Programs\Python\Python312\Scripts\;C:\Users\Tejasvi\AppData\Local\Programs\Python\Python312\;C:\Users\Tejasvi\AppData\Local\Programs\Python\Python39\Scripts\;C:\Users\Tejasvi\AppData\Local\Programs\Python\Python39\;C:\Users\Tejasvi\AppData\Local\Microsoft\WindowsApps;C:\MinGW\bin;;C:\Program Files\Azure Data Studio\bin;C:\Program Files\Azure Data Studio\bin;C:\Users\Tejasvi\AppData\Local\Programs\Microsoft VS Code\bin;C:\Users\Tejasvi\.dotnet\tools;C:\Users\Tejasvi\AppData\Roaming\npm;C:\Program Files\JetBrains\IntelliJ IDEA Community Edition 2024.1.4\bin;
USERNAME=Tejasvi
OS=Windows_NT
PROCESSOR_IDENTIFIER=Intel64 Family 6 Model 140 Stepping 1, GenuineIntel



---------------  S Y S T E M  ---------------

OS:
 Windows 11 , 64 bit Build 22621 (10.0.22621.3958)
OS uptime: 9 days 1:05 hours
Hyper-V role detected

CPU: total 8 (initial active 8) (4 cores per cpu, 2 threads per core) family 6 model 140 stepping 1 microcode 0xb4, cx8, cmov, fxsr, ht, mmx, 3dnowpref, sse, sse2, sse3, ssse3, sse4.1, sse4.2, popcnt, lzcnt, tsc, tscinvbit, avx, avx2, aes, erms, clmul, bmi1, bmi2, adx, avx512f, avx512dq, avx512cd, avx512bw, avx512vl, sha, fma, vzeroupper, avx512_vpopcntdq, avx512_vpclmulqdq, avx512_vaes, avx512_vnni, clflush, clflushopt, clwb, avx512_vbmi2, avx512_vbmi, hv

Memory: 4k page, system-wide physical 7834M (890M free)
TotalPageFile size 31386M (AvailPageFile size 0M)
current process WorkingSet (physical memory assigned to process): 76M, peak: 76M
current process commit charge ("private bytes"): 226M, peak: 226M

vm_info: Java HotSpot(TM) 64-Bit Server VM (18.0.1.1+2-6) for windows-amd64 JRE (18.0.1.1+2-6), built on Apr 25 2022 21:53:15 by "mach5one" with MS VC++ 16.8 / 16.9 (VS2019)

END.
