#
# There is insufficient memory for the Java Runtime Environment to continue.
# Native memory allocation (malloc) failed to allocate 778640 bytes for Chunk::new
# Possible reasons:
#   The system is out of physical RAM or swap space
#   The process is running with CompressedOops enabled, and the Java Heap may be blocking the growth of the native heap
# Possible solutions:
#   Reduce memory load on the system
#   Increase physical memory or swap space
#   Check if swap backing store is full
#   Decrease Java heap size (-Xmx/-Xms)
#   Decrease number of Java threads
#   Decrease Java thread stack sizes (-Xss)
#   Set larger code cache with -XX:ReservedCodeCacheSize=
#   JVM is running with Unscaled Compressed Oops mode in which the Java heap is
#     placed in the first 4GB address space. The Java Heap base address is the
#     maximum limit for the native heap growth. Please use -XX:HeapBaseMinAddress
#     to set the Java Heap base and to place the Java Heap above 4GB virtual address.
# This output file may be truncated or incomplete.
#
#  Out of Memory Error (arena.cpp:184), pid=21340, tid=14236
#
# JRE version: Java(TM) SE Runtime Environment (18.0.1.1+2) (build 18.0.1.1+2-6)
# Java VM: Java HotSpot(TM) 64-Bit Server VM (18.0.1.1+2-6, mixed mode, sharing, tiered, compressed oops, compressed class ptrs, g1 gc, windows-amd64)
# No core dump will be written. Minidumps are not enabled by default on client versions of Windows
#

---------------  S U M M A R Y ------------

Command Line: --add-opens=java.base/java.lang=ALL-UNNAMED --add-opens=java.base/java.io=ALL-UNNAMED --add-opens=java.base/java.util=ALL-UNNAMED --add-opens=java.base/java.util.concurrent=ALL-UNNAMED --add-opens=java.rmi/sun.rmi.transport=ALL-UNNAMED -Dcatalina.home=C:\Users\Tejasvi\Downloads\apache-tomcat-9.0.59\apache-tomcat-9.0.59 -Dcatalina.base=C:\Users\Tejasvi\IdeaProjects\employee_management_assignment -Djava.io.tmpdir=C:\Users\Tejasvi\IdeaProjects\employee_management_assignment\temp -Djava.util.logging.config.file=C:\Users\Tejasvi\IdeaProjects\employee_management_assignment\conf\logging.properties -Djava.util.logging.manager=org.apache.juli.ClassLoaderLogManager -javaagent:C:\Program Files\JetBrains\IntelliJ IDEA Community Edition 2024.1.4\lib\idea_rt.jar=52050:C:\Program Files\JetBrains\IntelliJ IDEA Community Edition 2024.1.4\bin -Dfile.encoding=UTF-8 -Dsun.stdout.encoding=UTF-8 -Dsun.stderr.encoding=UTF-8 org.apache.catalina.startup.Bootstrap start

Host: 11th Gen Intel(R) Core(TM) i5-1135G7 @ 2.40GHz, 8 cores, 7G,  Windows 11 , 64 bit Build 22621 (10.0.22621.3958)
Time: Tue Aug 27 12:50:31 2024 India Standard Time elapsed time: 4.836057 seconds (0d 0h 0m 4s)

---------------  T H R E A D  ---------------

Current thread (0x00000290ce66b3f0):  JavaThread "C2 CompilerThread0" daemon [_thread_in_native, id=14236, stack(0x000000c48be00000,0x000000c48bf00000)]


Current CompileTask:
C2:   4836 2297       4       org.apache.tomcat.util.bcel.classfile.ClassParser::readAttributes (180 bytes)

Stack: [0x000000c48be00000,0x000000c48bf00000]
Native frames: (J=compiled Java code, j=interpreted, Vv=VM code, C=native code)
V  [jvm.dll+0x69887a]
V  [jvm.dll+0x7f38bd]
V  [jvm.dll+0x7f51ce]
V  [jvm.dll+0x7f5883]
V  [jvm.dll+0x25ca3f]
V  [jvm.dll+0xb8c2f]
V  [jvm.dll+0xb8fa5]
V  [jvm.dll+0x385a6b]
V  [jvm.dll+0x34f811]
V  [jvm.dll+0x34ecaa]
V  [jvm.dll+0x22fc21]
V  [jvm.dll+0x22eff1]
V  [jvm.dll+0x1b9cfc]
V  [jvm.dll+0x23e8ca]
V  [jvm.dll+0x23cbb5]
V  [jvm.dll+0x7a5fb1]
V  [jvm.dll+0x7a03ea]
V  [jvm.dll+0x697725]
C  [ucrtbase.dll+0x29333]
C  [KERNEL32.DLL+0x1257d]
C  [ntdll.dll+0x5af28]


---------------  P R O C E S S  ---------------

Threads class SMR info:
_java_thread_list=0x00000290d2ad0a70, length=15, elements={
0x00000290b0739990, 0x00000290ce648930, 0x00000290ce6491e0, 0x00000290ce666df0,
0x00000290ce6676a0, 0x00000290ce669f60, 0x00000290ce66a810, 0x00000290ce66b3f0,
0x00000290ce67ce40, 0x00000290ce6adf00, 0x00000290d28a7e20, 0x00000290d299fe10,
0x00000290d29a02d0, 0x00000290d2a15b20, 0x00000290d2adaef0
}

Java Threads: ( => current thread )
  0x00000290b0739990 JavaThread "main" [_thread_in_Java, id=13608, stack(0x000000c48b100000,0x000000c48b200000)]
  0x00000290ce648930 JavaThread "Reference Handler" daemon [_thread_blocked, id=13796, stack(0x000000c48b800000,0x000000c48b900000)]
  0x00000290ce6491e0 JavaThread "Finalizer" daemon [_thread_blocked, id=16040, stack(0x000000c48b900000,0x000000c48ba00000)]
  0x00000290ce666df0 JavaThread "Signal Dispatcher" daemon [_thread_blocked, id=5332, stack(0x000000c48ba00000,0x000000c48bb00000)]
  0x00000290ce6676a0 JavaThread "Attach Listener" daemon [_thread_blocked, id=24172, stack(0x000000c48bb00000,0x000000c48bc00000)]
  0x00000290ce669f60 JavaThread "Service Thread" daemon [_thread_blocked, id=8372, stack(0x000000c48bc00000,0x000000c48bd00000)]
  0x00000290ce66a810 JavaThread "Monitor Deflation Thread" daemon [_thread_blocked, id=9460, stack(0x000000c48bd00000,0x000000c48be00000)]
=>0x00000290ce66b3f0 JavaThread "C2 CompilerThread0" daemon [_thread_in_native, id=14236, stack(0x000000c48be00000,0x000000c48bf00000)]
  0x00000290ce67ce40 JavaThread "C1 CompilerThread0" daemon [_thread_blocked, id=20504, stack(0x000000c48bf00000,0x000000c48c000000)]
  0x00000290ce6adf00 JavaThread "Sweeper thread" daemon [_thread_blocked, id=23908, stack(0x000000c48c000000,0x000000c48c100000)]
  0x00000290d28a7e20 JavaThread "Common-Cleaner" daemon [_thread_blocked, id=3320, stack(0x000000c48c100000,0x000000c48c200000)]
  0x00000290d299fe10 JavaThread "Monitor Ctrl-Break" daemon [_thread_in_native, id=7680, stack(0x000000c48c200000,0x000000c48c300000)]
  0x00000290d29a02d0 JavaThread "Notification Thread" daemon [_thread_blocked, id=15652, stack(0x000000c48c300000,0x000000c48c400000)]
  0x00000290d2a15b20 JavaThread "AsyncFileHandlerWriter-401625763" daemon [_thread_blocked, id=2416, stack(0x000000c48c500000,0x000000c48c600000)]
  0x00000290d2adaef0 JavaThread "FileHandlerLogFilesCleaner-1" daemon [_thread_blocked, id=9272, stack(0x000000c48c600000,0x000000c48c700000)]

Other Threads:
  0x00000290b07c98f0 VMThread "VM Thread" [stack: 0x000000c48b700000,0x000000c48b800000] [id=19600]
  0x00000290d29ae380 WatcherThread "VM Periodic Task Thread" [stack: 0x000000c48c400000,0x000000c48c500000] [id=22696]
  0x00000290b079ab10 WorkerThread "GC Thread#0" [stack: 0x000000c48b200000,0x000000c48b300000] [id=15616]
  0x00000290d3656720 WorkerThread "GC Thread#1" [stack: 0x000000c48c700000,0x000000c48c800000] [id=11016]
  0x00000290d3290e40 WorkerThread "GC Thread#2" [stack: 0x000000c48c800000,0x000000c48c900000] [id=6340]
  0x00000290d394b4b0 WorkerThread "GC Thread#3" [stack: 0x000000c48c900000,0x000000c48ca00000] [id=4184]
  0x00000290d39c6db0 WorkerThread "GC Thread#4" [stack: 0x000000c48ca00000,0x000000c48cb00000] [id=16220]
  0x00000290d3961dc0 WorkerThread "GC Thread#5" [stack: 0x000000c48cb00000,0x000000c48cc00000] [id=15812]
  0x00000290d3962060 WorkerThread "GC Thread#6" [stack: 0x000000c48cc00000,0x000000c48cd00000] [id=21240]
  0x00000290d3962300 WorkerThread "GC Thread#7" [stack: 0x000000c48cd00000,0x000000c48ce00000] [id=13112]
  0x00000290b07aae50 ConcurrentGCThread "G1 Main Marker" [stack: 0x000000c48b300000,0x000000c48b400000] [id=17612]
  0x00000290b07ab750 WorkerThread "G1 Conc#0" [stack: 0x000000c48b400000,0x000000c48b500000] [id=18824]
  0x00000290b07ee450 ConcurrentGCThread "G1 Refine#0" [stack: 0x000000c48b500000,0x000000c48b600000] [id=16412]
  0x00000290d39c5c10 ConcurrentGCThread "G1 Refine#1" [stack: 0x000000c48ce00000,0x000000c48cf00000] [id=18052]
  0x00000290b07eec70 ConcurrentGCThread "G1 Service" [stack: 0x000000c48b600000,0x000000c48b700000] [id=26316]

Threads with active compile tasks:
C2 CompilerThread0     4887 2297       4       org.apache.tomcat.util.bcel.classfile.ClassParser::readAttributes (180 bytes)

VM state: not at safepoint (normal execution)

VM Mutex/Monitor currently owned by a thread: None

Heap address: 0x0000000085800000, size: 1960 MB, Compressed Oops mode: 32-bit

CDS archive(s) mapped at: [0x0000000800000000-0x0000000800ba0000-0x0000000800ba0000), size 12189696, SharedBaseAddress: 0x0000000800000000, ArchiveRelocationMode: 0.
Compressed class space mapped at: 0x0000000800c00000-0x0000000840c00000, reserved size: 1073741824
Narrow klass base: 0x0000000800000000, Narrow klass shift: 0, Narrow klass range: 0x100000000

GC Precious Log:
 CardTable entry size: 512
 Card Set container configuration: InlinePtr #cards 5 size 8 Array Of Cards #cards 12 size 40 Howl #buckets 4 coarsen threshold 1843 Howl Bitmap #cards 512 size 80 coarsen threshold 460 Card regions per heap region 1 cards per card region 2048
 CPUs: 8 total, 8 available
 Memory: 7834M
 Large Page Support: Disabled
 NUMA Support: Disabled
 Compressed Oops: Enabled (32-bit)
 Heap Region Size: 1M
 Heap Min Capacity: 8M
 Heap Initial Capacity: 124M
 Heap Max Capacity: 1960M
 Pre-touch: Disabled
 Parallel Workers: 8
 Concurrent Workers: 2
 Concurrent Refinement Workers: 8
 Periodic GC: Disabled

Heap:
 garbage-first heap   total 126976K, used 29913K [0x0000000085800000, 0x0000000100000000)
  region size 1024K, 24 young (24576K), 4 survivors (4096K)
 Metaspace       used 11062K, committed 11392K, reserved 1114112K
  class space    used 1102K, committed 1280K, reserved 1048576K

Heap Regions: E=young(eden), S=young(survivor), O=old, HS=humongous(starts), HC=humongous(continues), CS=collection set, F=free, OA=open archive, CA=closed archive, TAMS=top-at-mark-start (previous, next)
|   0|0x0000000085800000, 0x0000000085900000, 0x0000000085900000|100%| O|  |TAMS 0x0000000085800000, 0x0000000085800000| Untracked 
|   1|0x0000000085900000, 0x0000000085a00000, 0x0000000085a00000|100%| O|  |TAMS 0x0000000085900000, 0x0000000085900000| Untracked 
|   2|0x0000000085a00000, 0x0000000085b00000, 0x0000000085b00000|100%| O|  |TAMS 0x0000000085a00000, 0x0000000085a00000| Untracked 
|   3|0x0000000085b00000, 0x0000000085b00000, 0x0000000085c00000|  0%| F|  |TAMS 0x0000000085b00000, 0x0000000085b00000| Untracked 
|   4|0x0000000085c00000, 0x0000000085d00000, 0x0000000085d00000|100%|HS|  |TAMS 0x0000000085c00000, 0x0000000085c00000| Complete 
|   5|0x0000000085d00000, 0x0000000085e00000, 0x0000000085e00000|100%| O|  |TAMS 0x0000000085d00000, 0x0000000085d00000| Untracked 
|   6|0x0000000085e00000, 0x0000000085f00000, 0x0000000085f00000|100%| O|  |TAMS 0x0000000085e00000, 0x0000000085e00000| Untracked 
|   7|0x0000000085f00000, 0x0000000085f36600, 0x0000000086000000| 21%| O|  |TAMS 0x0000000085f00000, 0x0000000085f00000| Untracked 
|   8|0x0000000086000000, 0x0000000086000000, 0x0000000086100000|  0%| F|  |TAMS 0x0000000086000000, 0x0000000086000000| Untracked 
|   9|0x0000000086100000, 0x0000000086100000, 0x0000000086200000|  0%| F|  |TAMS 0x0000000086100000, 0x0000000086100000| Untracked 
|  10|0x0000000086200000, 0x0000000086200000, 0x0000000086300000|  0%| F|  |TAMS 0x0000000086200000, 0x0000000086200000| Untracked 
|  11|0x0000000086300000, 0x0000000086300000, 0x0000000086400000|  0%| F|  |TAMS 0x0000000086300000, 0x0000000086300000| Untracked 
|  12|0x0000000086400000, 0x0000000086400000, 0x0000000086500000|  0%| F|  |TAMS 0x0000000086400000, 0x0000000086400000| Untracked 
|  13|0x0000000086500000, 0x0000000086500000, 0x0000000086600000|  0%| F|  |TAMS 0x0000000086500000, 0x0000000086500000| Untracked 
|  14|0x0000000086600000, 0x0000000086600000, 0x0000000086700000|  0%| F|  |TAMS 0x0000000086600000, 0x0000000086600000| Untracked 
|  15|0x0000000086700000, 0x0000000086700000, 0x0000000086800000|  0%| F|  |TAMS 0x0000000086700000, 0x0000000086700000| Untracked 
|  16|0x0000000086800000, 0x0000000086800000, 0x0000000086900000|  0%| F|  |TAMS 0x0000000086800000, 0x0000000086800000| Untracked 
|  17|0x0000000086900000, 0x0000000086900000, 0x0000000086a00000|  0%| F|  |TAMS 0x0000000086900000, 0x0000000086900000| Untracked 
|  18|0x0000000086a00000, 0x0000000086a00000, 0x0000000086b00000|  0%| F|  |TAMS 0x0000000086a00000, 0x0000000086a00000| Untracked 
|  19|0x0000000086b00000, 0x0000000086b00000, 0x0000000086c00000|  0%| F|  |TAMS 0x0000000086b00000, 0x0000000086b00000| Untracked 
|  20|0x0000000086c00000, 0x0000000086c00000, 0x0000000086d00000|  0%| F|  |TAMS 0x0000000086c00000, 0x0000000086c00000| Untracked 
|  21|0x0000000086d00000, 0x0000000086d00000, 0x0000000086e00000|  0%| F|  |TAMS 0x0000000086d00000, 0x0000000086d00000| Untracked 
|  22|0x0000000086e00000, 0x0000000086e00000, 0x0000000086f00000|  0%| F|  |TAMS 0x0000000086e00000, 0x0000000086e00000| Untracked 
|  23|0x0000000086f00000, 0x0000000086f00000, 0x0000000087000000|  0%| F|  |TAMS 0x0000000086f00000, 0x0000000086f00000| Untracked 
|  24|0x0000000087000000, 0x0000000087000000, 0x0000000087100000|  0%| F|  |TAMS 0x0000000087000000, 0x0000000087000000| Untracked 
|  25|0x0000000087100000, 0x0000000087100000, 0x0000000087200000|  0%| F|  |TAMS 0x0000000087100000, 0x0000000087100000| Untracked 
|  26|0x0000000087200000, 0x0000000087200000, 0x0000000087300000|  0%| F|  |TAMS 0x0000000087200000, 0x0000000087200000| Untracked 
|  27|0x0000000087300000, 0x0000000087300000, 0x0000000087400000|  0%| F|  |TAMS 0x0000000087300000, 0x0000000087300000| Untracked 
|  28|0x0000000087400000, 0x0000000087400000, 0x0000000087500000|  0%| F|  |TAMS 0x0000000087400000, 0x0000000087400000| Untracked 
|  29|0x0000000087500000, 0x0000000087500000, 0x0000000087600000|  0%| F|  |TAMS 0x0000000087500000, 0x0000000087500000| Untracked 
|  30|0x0000000087600000, 0x0000000087600000, 0x0000000087700000|  0%| F|  |TAMS 0x0000000087600000, 0x0000000087600000| Untracked 
|  31|0x0000000087700000, 0x0000000087700000, 0x0000000087800000|  0%| F|  |TAMS 0x0000000087700000, 0x0000000087700000| Untracked 
|  32|0x0000000087800000, 0x0000000087800000, 0x0000000087900000|  0%| F|  |TAMS 0x0000000087800000, 0x0000000087800000| Untracked 
|  33|0x0000000087900000, 0x0000000087900000, 0x0000000087a00000|  0%| F|  |TAMS 0x0000000087900000, 0x0000000087900000| Untracked 
|  34|0x0000000087a00000, 0x0000000087a00000, 0x0000000087b00000|  0%| F|  |TAMS 0x0000000087a00000, 0x0000000087a00000| Untracked 
|  35|0x0000000087b00000, 0x0000000087b00000, 0x0000000087c00000|  0%| F|  |TAMS 0x0000000087b00000, 0x0000000087b00000| Untracked 
|  36|0x0000000087c00000, 0x0000000087c00000, 0x0000000087d00000|  0%| F|  |TAMS 0x0000000087c00000, 0x0000000087c00000| Untracked 
|  37|0x0000000087d00000, 0x0000000087d00000, 0x0000000087e00000|  0%| F|  |TAMS 0x0000000087d00000, 0x0000000087d00000| Untracked 
|  38|0x0000000087e00000, 0x0000000087e00000, 0x0000000087f00000|  0%| F|  |TAMS 0x0000000087e00000, 0x0000000087e00000| Untracked 
|  39|0x0000000087f00000, 0x0000000087f00000, 0x0000000088000000|  0%| F|  |TAMS 0x0000000087f00000, 0x0000000087f00000| Untracked 
|  40|0x0000000088000000, 0x0000000088000000, 0x0000000088100000|  0%| F|  |TAMS 0x0000000088000000, 0x0000000088000000| Untracked 
|  41|0x0000000088100000, 0x0000000088100000, 0x0000000088200000|  0%| F|  |TAMS 0x0000000088100000, 0x0000000088100000| Untracked 
|  42|0x0000000088200000, 0x0000000088200000, 0x0000000088300000|  0%| F|  |TAMS 0x0000000088200000, 0x0000000088200000| Untracked 
|  43|0x0000000088300000, 0x0000000088300000, 0x0000000088400000|  0%| F|  |TAMS 0x0000000088300000, 0x0000000088300000| Untracked 
|  44|0x0000000088400000, 0x0000000088400000, 0x0000000088500000|  0%| F|  |TAMS 0x0000000088400000, 0x0000000088400000| Untracked 
|  45|0x0000000088500000, 0x0000000088500000, 0x0000000088600000|  0%| F|  |TAMS 0x0000000088500000, 0x0000000088500000| Untracked 
|  46|0x0000000088600000, 0x0000000088600000, 0x0000000088700000|  0%| F|  |TAMS 0x0000000088600000, 0x0000000088600000| Untracked 
|  47|0x0000000088700000, 0x0000000088700000, 0x0000000088800000|  0%| F|  |TAMS 0x0000000088700000, 0x0000000088700000| Untracked 
|  48|0x0000000088800000, 0x0000000088800000, 0x0000000088900000|  0%| F|  |TAMS 0x0000000088800000, 0x0000000088800000| Untracked 
|  49|0x0000000088900000, 0x0000000088900000, 0x0000000088a00000|  0%| F|  |TAMS 0x0000000088900000, 0x0000000088900000| Untracked 
|  50|0x0000000088a00000, 0x0000000088a00000, 0x0000000088b00000|  0%| F|  |TAMS 0x0000000088a00000, 0x0000000088a00000| Untracked 
|  51|0x0000000088b00000, 0x0000000088b00000, 0x0000000088c00000|  0%| F|  |TAMS 0x0000000088b00000, 0x0000000088b00000| Untracked 
|  52|0x0000000088c00000, 0x0000000088c00000, 0x0000000088d00000|  0%| F|  |TAMS 0x0000000088c00000, 0x0000000088c00000| Untracked 
|  53|0x0000000088d00000, 0x0000000088d00000, 0x0000000088e00000|  0%| F|  |TAMS 0x0000000088d00000, 0x0000000088d00000| Untracked 
|  54|0x0000000088e00000, 0x0000000088e00000, 0x0000000088f00000|  0%| F|  |TAMS 0x0000000088e00000, 0x0000000088e00000| Untracked 
|  55|0x0000000088f00000, 0x0000000088f00000, 0x0000000089000000|  0%| F|  |TAMS 0x0000000088f00000, 0x0000000088f00000| Untracked 
|  56|0x0000000089000000, 0x0000000089000000, 0x0000000089100000|  0%| F|  |TAMS 0x0000000089000000, 0x0000000089000000| Untracked 
|  57|0x0000000089100000, 0x0000000089100000, 0x0000000089200000|  0%| F|  |TAMS 0x0000000089100000, 0x0000000089100000| Untracked 
|  58|0x0000000089200000, 0x0000000089200000, 0x0000000089300000|  0%| F|  |TAMS 0x0000000089200000, 0x0000000089200000| Untracked 
|  59|0x0000000089300000, 0x0000000089300000, 0x0000000089400000|  0%| F|  |TAMS 0x0000000089300000, 0x0000000089300000| Untracked 
|  60|0x0000000089400000, 0x0000000089400000, 0x0000000089500000|  0%| F|  |TAMS 0x0000000089400000, 0x0000000089400000| Untracked 
|  61|0x0000000089500000, 0x0000000089500000, 0x0000000089600000|  0%| F|  |TAMS 0x0000000089500000, 0x0000000089500000| Untracked 
|  62|0x0000000089600000, 0x0000000089600000, 0x0000000089700000|  0%| F|  |TAMS 0x0000000089600000, 0x0000000089600000| Untracked 
|  63|0x0000000089700000, 0x0000000089700000, 0x0000000089800000|  0%| F|  |TAMS 0x0000000089700000, 0x0000000089700000| Untracked 
|  64|0x0000000089800000, 0x0000000089800000, 0x0000000089900000|  0%| F|  |TAMS 0x0000000089800000, 0x0000000089800000| Untracked 
|  65|0x0000000089900000, 0x0000000089900000, 0x0000000089a00000|  0%| F|  |TAMS 0x0000000089900000, 0x0000000089900000| Untracked 
|  66|0x0000000089a00000, 0x0000000089a00000, 0x0000000089b00000|  0%| F|  |TAMS 0x0000000089a00000, 0x0000000089a00000| Untracked 
|  67|0x0000000089b00000, 0x0000000089b00000, 0x0000000089c00000|  0%| F|  |TAMS 0x0000000089b00000, 0x0000000089b00000| Untracked 
|  68|0x0000000089c00000, 0x0000000089c00000, 0x0000000089d00000|  0%| F|  |TAMS 0x0000000089c00000, 0x0000000089c00000| Untracked 
|  69|0x0000000089d00000, 0x0000000089d00000, 0x0000000089e00000|  0%| F|  |TAMS 0x0000000089d00000, 0x0000000089d00000| Untracked 
|  70|0x0000000089e00000, 0x0000000089e00000, 0x0000000089f00000|  0%| F|  |TAMS 0x0000000089e00000, 0x0000000089e00000| Untracked 
|  71|0x0000000089f00000, 0x0000000089f00000, 0x000000008a000000|  0%| F|  |TAMS 0x0000000089f00000, 0x0000000089f00000| Untracked 
|  72|0x000000008a000000, 0x000000008a000000, 0x000000008a100000|  0%| F|  |TAMS 0x000000008a000000, 0x000000008a000000| Untracked 
|  73|0x000000008a100000, 0x000000008a100000, 0x000000008a200000|  0%| F|  |TAMS 0x000000008a100000, 0x000000008a100000| Untracked 
|  74|0x000000008a200000, 0x000000008a200000, 0x000000008a300000|  0%| F|  |TAMS 0x000000008a200000, 0x000000008a200000| Untracked 
|  75|0x000000008a300000, 0x000000008a300000, 0x000000008a400000|  0%| F|  |TAMS 0x000000008a300000, 0x000000008a300000| Untracked 
|  76|0x000000008a400000, 0x000000008a400000, 0x000000008a500000|  0%| F|  |TAMS 0x000000008a400000, 0x000000008a400000| Untracked 
|  77|0x000000008a500000, 0x000000008a500000, 0x000000008a600000|  0%| F|  |TAMS 0x000000008a500000, 0x000000008a500000| Untracked 
|  78|0x000000008a600000, 0x000000008a600000, 0x000000008a700000|  0%| F|  |TAMS 0x000000008a600000, 0x000000008a600000| Untracked 
|  79|0x000000008a700000, 0x000000008a700000, 0x000000008a800000|  0%| F|  |TAMS 0x000000008a700000, 0x000000008a700000| Untracked 
|  80|0x000000008a800000, 0x000000008a800000, 0x000000008a900000|  0%| F|  |TAMS 0x000000008a800000, 0x000000008a800000| Untracked 
|  81|0x000000008a900000, 0x000000008a900000, 0x000000008aa00000|  0%| F|  |TAMS 0x000000008a900000, 0x000000008a900000| Untracked 
|  82|0x000000008aa00000, 0x000000008aa00000, 0x000000008ab00000|  0%| F|  |TAMS 0x000000008aa00000, 0x000000008aa00000| Untracked 
|  83|0x000000008ab00000, 0x000000008ab00000, 0x000000008ac00000|  0%| F|  |TAMS 0x000000008ab00000, 0x000000008ab00000| Untracked 
|  84|0x000000008ac00000, 0x000000008ac00000, 0x000000008ad00000|  0%| F|  |TAMS 0x000000008ac00000, 0x000000008ac00000| Untracked 
|  85|0x000000008ad00000, 0x000000008ad00000, 0x000000008ae00000|  0%| F|  |TAMS 0x000000008ad00000, 0x000000008ad00000| Untracked 
|  86|0x000000008ae00000, 0x000000008ae00000, 0x000000008af00000|  0%| F|  |TAMS 0x000000008ae00000, 0x000000008ae00000| Untracked 
|  87|0x000000008af00000, 0x000000008af00000, 0x000000008b000000|  0%| F|  |TAMS 0x000000008af00000, 0x000000008af00000| Untracked 
|  88|0x000000008b000000, 0x000000008b000000, 0x000000008b100000|  0%| F|  |TAMS 0x000000008b000000, 0x000000008b000000| Untracked 
|  89|0x000000008b100000, 0x000000008b100000, 0x000000008b200000|  0%| F|  |TAMS 0x000000008b100000, 0x000000008b100000| Untracked 
|  90|0x000000008b200000, 0x000000008b200000, 0x000000008b300000|  0%| F|  |TAMS 0x000000008b200000, 0x000000008b200000| Untracked 
|  91|0x000000008b300000, 0x000000008b300000, 0x000000008b400000|  0%| F|  |TAMS 0x000000008b300000, 0x000000008b300000| Untracked 
|  92|0x000000008b400000, 0x000000008b400000, 0x000000008b500000|  0%| F|  |TAMS 0x000000008b400000, 0x000000008b400000| Untracked 
|  93|0x000000008b500000, 0x000000008b500000, 0x000000008b600000|  0%| F|  |TAMS 0x000000008b500000, 0x000000008b500000| Untracked 
|  94|0x000000008b600000, 0x000000008b600000, 0x000000008b700000|  0%| F|  |TAMS 0x000000008b600000, 0x000000008b600000| Untracked 
|  95|0x000000008b700000, 0x000000008b800000, 0x000000008b800000|100%| S|CS|TAMS 0x000000008b700000, 0x000000008b700000| Complete 
|  96|0x000000008b800000, 0x000000008b900000, 0x000000008b900000|100%| S|CS|TAMS 0x000000008b800000, 0x000000008b800000| Complete 
|  97|0x000000008b900000, 0x000000008ba00000, 0x000000008ba00000|100%| S|CS|TAMS 0x000000008b900000, 0x000000008b900000| Complete 
|  98|0x000000008ba00000, 0x000000008ba00000, 0x000000008bb00000|  0%| F|  |TAMS 0x000000008ba00000, 0x000000008ba00000| Untracked 
|  99|0x000000008bb00000, 0x000000008bb00000, 0x000000008bc00000|  0%| F|  |TAMS 0x000000008bb00000, 0x000000008bb00000| Untracked 
| 100|0x000000008bc00000, 0x000000008bc00000, 0x000000008bd00000|  0%| F|  |TAMS 0x000000008bc00000, 0x000000008bc00000| Untracked 
| 101|0x000000008bd00000, 0x000000008be00000, 0x000000008be00000|100%| S|CS|TAMS 0x000000008bd00000, 0x000000008bd00000| Complete 
| 102|0x000000008be00000, 0x000000008be00000, 0x000000008bf00000|  0%| F|  |TAMS 0x000000008be00000, 0x000000008be00000| Untracked 
| 103|0x000000008bf00000, 0x000000008bf00000, 0x000000008c000000|  0%| F|  |TAMS 0x000000008bf00000, 0x000000008bf00000| Untracked 
| 104|0x000000008c000000, 0x000000008c100000, 0x000000008c100000|100%| E|  |TAMS 0x000000008c000000, 0x000000008c000000| Complete 
| 105|0x000000008c100000, 0x000000008c200000, 0x000000008c200000|100%| E|CS|TAMS 0x000000008c100000, 0x000000008c100000| Complete 
| 106|0x000000008c200000, 0x000000008c300000, 0x000000008c300000|100%| E|CS|TAMS 0x000000008c200000, 0x000000008c200000| Complete 
| 107|0x000000008c300000, 0x000000008c400000, 0x000000008c400000|100%| E|CS|TAMS 0x000000008c300000, 0x000000008c300000| Complete 
| 108|0x000000008c400000, 0x000000008c500000, 0x000000008c500000|100%| E|CS|TAMS 0x000000008c400000, 0x000000008c400000| Complete 
| 109|0x000000008c500000, 0x000000008c600000, 0x000000008c600000|100%| E|CS|TAMS 0x000000008c500000, 0x000000008c500000| Complete 
| 110|0x000000008c600000, 0x000000008c700000, 0x000000008c700000|100%| E|CS|TAMS 0x000000008c600000, 0x000000008c600000| Complete 
| 111|0x000000008c700000, 0x000000008c800000, 0x000000008c800000|100%| E|CS|TAMS 0x000000008c700000, 0x000000008c700000| Complete 
| 112|0x000000008c800000, 0x000000008c900000, 0x000000008c900000|100%| E|CS|TAMS 0x000000008c800000, 0x000000008c800000| Complete 
| 113|0x000000008c900000, 0x000000008ca00000, 0x000000008ca00000|100%| E|CS|TAMS 0x000000008c900000, 0x000000008c900000| Complete 
| 114|0x000000008ca00000, 0x000000008cb00000, 0x000000008cb00000|100%| E|CS|TAMS 0x000000008ca00000, 0x000000008ca00000| Complete 
| 115|0x000000008cb00000, 0x000000008cc00000, 0x000000008cc00000|100%| E|CS|TAMS 0x000000008cb00000, 0x000000008cb00000| Complete 
| 116|0x000000008cc00000, 0x000000008cd00000, 0x000000008cd00000|100%| E|CS|TAMS 0x000000008cc00000, 0x000000008cc00000| Complete 
| 117|0x000000008cd00000, 0x000000008ce00000, 0x000000008ce00000|100%| E|CS|TAMS 0x000000008cd00000, 0x000000008cd00000| Complete 
| 118|0x000000008ce00000, 0x000000008cf00000, 0x000000008cf00000|100%| E|CS|TAMS 0x000000008ce00000, 0x000000008ce00000| Complete 
| 119|0x000000008cf00000, 0x000000008d000000, 0x000000008d000000|100%| E|CS|TAMS 0x000000008cf00000, 0x000000008cf00000| Complete 
| 120|0x000000008d000000, 0x000000008d100000, 0x000000008d100000|100%| E|CS|TAMS 0x000000008d000000, 0x000000008d000000| Complete 
| 121|0x000000008d100000, 0x000000008d200000, 0x000000008d200000|100%| E|CS|TAMS 0x000000008d100000, 0x000000008d100000| Complete 
| 122|0x000000008d200000, 0x000000008d300000, 0x000000008d300000|100%| E|CS|TAMS 0x000000008d200000, 0x000000008d200000| Complete 
| 123|0x000000008d300000, 0x000000008d400000, 0x000000008d400000|100%| E|CS|TAMS 0x000000008d300000, 0x000000008d300000| Complete 

Card table byte_map: [0x00000290c7770000,0x00000290c7b50000] _byte_map_base: 0x00000290c7344000

Marking Bits (Prev, Next): (CMBitMap*) 0x00000290b079b020, (CMBitMap*) 0x00000290b079b060
 Prev Bits: [0x00000290c7f30000, 0x00000290c9dd0000)
 Next Bits: [0x00000290c9dd0000, 0x00000290cbc70000)

Polling page: 0x00000290ae6b0000

Metaspace:

Usage:
  Non-class:      9.73 MB used.
      Class:      1.08 MB used.
       Both:     10.81 MB used.

Virtual space:
  Non-class space:       64.00 MB reserved,       9.88 MB ( 15%) committed,  1 nodes.
      Class space:        1.00 GB reserved,       1.25 MB ( <1%) committed,  1 nodes.
             Both:        1.06 GB reserved,      11.12 MB (  1%) committed. 

Chunk freelists:
   Non-Class:  1.70 MB
       Class:  2.61 MB
        Both:  4.31 MB

MaxMetaspaceSize: unlimited
CompressedClassSpaceSize: 1.00 GB
Initial GC threshold: 21.00 MB
Current GC threshold: 21.00 MB
CDS: on
MetaspaceReclaimPolicy: balanced
 - commit_granule_bytes: 65536.
 - commit_granule_words: 8192.
 - virtual_space_node_default_size: 8388608.
 - enlarge_chunks_in_place: 1.
 - new_chunks_are_fully_committed: 0.
 - uncommit_free_chunks: 1.
 - use_allocation_guard: 0.


Internal statistics:

num_allocs_failed_limit: 0.
num_arena_births: 274.
num_arena_deaths: 0.
num_vsnodes_births: 2.
num_vsnodes_deaths: 0.
num_space_committed: 178.
num_space_uncommitted: 0.
num_chunks_returned_to_freelist: 0.
num_chunks_taken_from_freelist: 507.
num_chunk_merges: 0.
num_chunk_splits: 337.
num_chunks_enlarged: 222.
num_inconsistent_stats: 0.

CodeHeap 'non-profiled nmethods': size=120000Kb used=950Kb max_used=950Kb free=119049Kb
 bounds [0x00000290bfb30000, 0x00000290bfda0000, 0x00000290c7060000]
CodeHeap 'profiled nmethods': size=120000Kb used=5502Kb max_used=5502Kb free=114498Kb
 bounds [0x00000290b8600000, 0x00000290b8b60000, 0x00000290bfb30000]
CodeHeap 'non-nmethods': size=5760Kb used=1208Kb max_used=1233Kb free=4552Kb
 bounds [0x00000290b8060000, 0x00000290b82d0000, 0x00000290b8600000]
 total_blobs=2752 nmethods=2272 adapters=392
 compilation: enabled
              stopped_count=0, restarted_count=0
 full_count=0

Compilation events (20 events):
Event: 4.697 Thread 0x00000290ce67ce40 2291       3       java.util.HashMap::prepareArray (38 bytes)
Event: 4.698 Thread 0x00000290ce67ce40 nmethod 2291 0x00000290b8b5a310 code [0x00000290b8b5a500, 0x00000290b8b5ab18]
Event: 4.705 Thread 0x00000290ce66b3f0 nmethod 2278 0x00000290bfc19090 code [0x00000290bfc192a0, 0x00000290bfc1ad28]
Event: 4.705 Thread 0x00000290ce66b3f0 2283       4       java.lang.StringUTF16::compress (50 bytes)
Event: 4.713 Thread 0x00000290ce66b3f0 nmethod 2283 0x00000290bfc1b710 code [0x00000290bfc1b880, 0x00000290bfc1baf8]
Event: 4.713 Thread 0x00000290ce66b3f0 2276       4       java.lang.String::replace (42 bytes)
Event: 4.729 Thread 0x00000290ce67ce40 2292   !   3       org.apache.catalina.core.StandardContext::getLoader (38 bytes)
Event: 4.730 Thread 0x00000290ce67ce40 nmethod 2292 0x00000290b8b5ad10 code [0x00000290b8b5af20, 0x00000290b8b5b608]
Event: 4.735 Thread 0x00000290ce67ce40 2294       3       java.util.HashMap$Values::toArray (16 bytes)
Event: 4.736 Thread 0x00000290ce67ce40 nmethod 2294 0x00000290b8b5b910 code [0x00000290b8b5bac0, 0x00000290b8b5bcd8]
Event: 4.736 Thread 0x00000290ce66b3f0 nmethod 2276 0x00000290bfc1bc10 code [0x00000290bfc1bda0, 0x00000290bfc1c3b8]
Event: 4.736 Thread 0x00000290ce66b3f0 2293       4       java.util.WeakHashMap::hash (28 bytes)
Event: 4.737 Thread 0x00000290ce66b3f0 nmethod 2293 0x00000290bfc1c710 code [0x00000290bfc1c8a0, 0x00000290bfc1c9b8]
Event: 4.737 Thread 0x00000290ce66b3f0 2268       4       java.lang.String::endsWith (15 bytes)
Event: 4.746 Thread 0x00000290ce66b3f0 nmethod 2268 0x00000290bfc1ca90 code [0x00000290bfc1cc20, 0x00000290bfc1ce58]
Event: 4.746 Thread 0x00000290ce66b3f0 2295 %     4       org.apache.tomcat.util.bcel.classfile.ConstantPool::<init> @ 21 (79 bytes)
Event: 4.752 Thread 0x00000290ce66b3f0 nmethod 2295% 0x00000290bfc1d010 code [0x00000290bfc1d1a0, 0x00000290bfc1d548]
Event: 4.755 Thread 0x00000290ce66b3f0 2296       4       java.util.zip.Inflater::ensureOpen (47 bytes)
Event: 4.756 Thread 0x00000290ce66b3f0 nmethod 2296 0x00000290bfc1d790 code [0x00000290bfc1d900, 0x00000290bfc1d9b8]
Event: 4.780 Thread 0x00000290ce66b3f0 2297       4       org.apache.tomcat.util.bcel.classfile.ClassParser::readAttributes (180 bytes)

GC Heap History (4 events):
Event: 2.214 GC heap before
{Heap before GC invocations=0 (full 0):
 garbage-first heap   total 126976K, used 22528K [0x0000000085800000, 0x0000000100000000)
  region size 1024K, 23 young (23552K), 0 survivors (0K)
 Metaspace       used 8358K, committed 8704K, reserved 1114112K
  class space    used 845K, committed 1024K, reserved 1048576K
}
Event: 2.235 GC heap after
{Heap after GC invocations=1 (full 0):
 garbage-first heap   total 126976K, used 5312K [0x0000000085800000, 0x0000000100000000)
  region size 1024K, 3 young (3072K), 3 survivors (3072K)
 Metaspace       used 8358K, committed 8704K, reserved 1114112K
  class space    used 845K, committed 1024K, reserved 1048576K
}
Event: 3.958 GC heap before
{Heap before GC invocations=1 (full 0):
 garbage-first heap   total 126976K, used 29888K [0x0000000085800000, 0x0000000100000000)
  region size 1024K, 25 young (25600K), 3 survivors (3072K)
 Metaspace       used 10835K, committed 11136K, reserved 1114112K
  class space    used 1077K, committed 1216K, reserved 1048576K
}
Event: 3.982 GC heap after
{Heap after GC invocations=2 (full 0):
 garbage-first heap   total 126976K, used 10457K [0x0000000085800000, 0x0000000100000000)
  region size 1024K, 4 young (4096K), 4 survivors (4096K)
 Metaspace       used 10835K, committed 11136K, reserved 1114112K
  class space    used 1077K, committed 1216K, reserved 1048576K
}

Deoptimization events (20 events):
Event: 4.597 Thread 0x00000290b0739990 DEOPT PACKING pc=0x00000290bfbfefec sp=0x000000c48b1fd970
Event: 4.597 Thread 0x00000290b0739990 DEOPT UNPACKING pc=0x00000290b80b5c23 sp=0x000000c48b1fd950 mode 2
Event: 4.597 Thread 0x00000290b0739990 Uncommon trap: trap_request=0xffffff45 fr.pc=0x00000290bfbc5f6c relative=0x00000000000003cc
Event: 4.597 Thread 0x00000290b0739990 Uncommon trap: reason=unstable_if action=reinterpret pc=0x00000290bfbc5f6c method=java.lang.StringUTF16.compress([CII)[B @ 13 c2
Event: 4.597 Thread 0x00000290b0739990 DEOPT PACKING pc=0x00000290bfbc5f6c sp=0x000000c48b1fd8e0
Event: 4.597 Thread 0x00000290b0739990 DEOPT UNPACKING pc=0x00000290b80b5c23 sp=0x000000c48b1fd7c8 mode 2
Event: 4.600 Thread 0x00000290b0739990 Uncommon trap: trap_request=0xffffff45 fr.pc=0x00000290bfbb7d60 relative=0x0000000000000340
Event: 4.600 Thread 0x00000290b0739990 Uncommon trap: reason=unstable_if action=reinterpret pc=0x00000290bfbb7d60 method=java.lang.StringUTF16.compress([CII)[B @ 13 c2
Event: 4.600 Thread 0x00000290b0739990 DEOPT PACKING pc=0x00000290bfbb7d60 sp=0x000000c48b1fd800
Event: 4.600 Thread 0x00000290b0739990 DEOPT UNPACKING pc=0x00000290b80b5c23 sp=0x000000c48b1fd740 mode 2
Event: 4.604 Thread 0x00000290b0739990 Uncommon trap: trap_request=0xffffff45 fr.pc=0x00000290bfbb8ca0 relative=0x0000000000000200
Event: 4.604 Thread 0x00000290b0739990 Uncommon trap: reason=unstable_if action=reinterpret pc=0x00000290bfbb8ca0 method=java.lang.StringUTF16.compress([CII)[B @ 13 c2
Event: 4.609 Thread 0x00000290b0739990 DEOPT PACKING pc=0x00000290bfbb8ca0 sp=0x000000c48b1fd7e0
Event: 4.609 Thread 0x00000290b0739990 DEOPT UNPACKING pc=0x00000290b80b5c23 sp=0x000000c48b1fd768 mode 2
Event: 4.610 Thread 0x00000290b0739990 Uncommon trap: trap_request=0xffffff45 fr.pc=0x00000290bfb4fc34 relative=0x0000000000000234
Event: 4.610 Thread 0x00000290b0739990 Uncommon trap: reason=unstable_if action=reinterpret pc=0x00000290bfb4fc34 method=java.lang.StringUTF16.compress([CI[BII)I @ 20 c2
Event: 4.610 Thread 0x00000290b0739990 DEOPT PACKING pc=0x00000290bfb4fc34 sp=0x000000c48b1fd700
Event: 4.610 Thread 0x00000290b0739990 DEOPT UNPACKING pc=0x00000290b80b5c23 sp=0x000000c48b1fd6a8 mode 2
Event: 4.821 Thread 0x00000290b0739990 DEOPT PACKING pc=0x00000290b8b24a3f sp=0x000000c48b1fd620
Event: 4.821 Thread 0x00000290b0739990 DEOPT UNPACKING pc=0x00000290b80b6763 sp=0x000000c48b1fcad0 mode 0

Classes loaded (20 events):
Event: 3.832 Loading class sun/nio/cs/ISO_8859_1$Decoder
Event: 3.832 Loading class sun/nio/cs/ISO_8859_1$Decoder done
Event: 3.991 Loading class java/util/concurrent/TimeUnit$1
Event: 3.991 Loading class java/util/concurrent/TimeUnit$1 done
Event: 4.005 Loading class java/lang/reflect/UndeclaredThrowableException
Event: 4.005 Loading class java/lang/reflect/UndeclaredThrowableException done
Event: 4.037 Loading class sun/net/www/protocol/jrt/JavaRuntimeURLConnection
Event: 4.038 Loading class sun/net/www/protocol/jrt/JavaRuntimeURLConnection done
Event: 4.039 Loading class sun/net/www/protocol/jrt/JavaRuntimeURLConnection$1
Event: 4.039 Loading class sun/net/www/protocol/jrt/JavaRuntimeURLConnection$1 done
Event: 4.041 Loading class jdk/internal/jimage/ImageBufferCache
Event: 4.041 Loading class jdk/internal/jimage/ImageBufferCache done
Event: 4.041 Loading class jdk/internal/jimage/ImageBufferCache$1
Event: 4.041 Loading class jdk/internal/jimage/ImageBufferCache$1 done
Event: 4.041 Loading class jdk/internal/jimage/ImageBufferCache$2
Event: 4.041 Loading class jdk/internal/jimage/ImageBufferCache$2 done
Event: 4.042 Loading class java/util/AbstractMap$SimpleEntry
Event: 4.042 Loading class java/util/AbstractMap$SimpleEntry done
Event: 4.074 Loading class java/util/zip/ZipFile$ZipEntryIterator
Event: 4.074 Loading class java/util/zip/ZipFile$ZipEntryIterator done

Classes unloaded (0 events):
No events

Classes redefined (0 events):
No events

Internal exceptions (20 events):
Event: 2.518 Thread 0x00000290b0739990 Exception <a 'java/lang/NullPointerException'{0x000000008ce4c900}> (0x000000008ce4c900) 
thrown [s\open\src\hotspot\share\runtime\sharedRuntime.cpp, line 625]
Event: 2.536 Thread 0x00000290b0739990 Exception <a 'java/lang/NoSuchMethodError'{0x000000008cee7358}: 'void java.lang.invoke.DirectMethodHandle$Holder.invokeVirtual(java.lang.Object, java.lang.Object)'> (0x000000008cee7358) 
thrown [s\open\src\hotspot\share\interpreter\linkResolver.cpp, line 766]
Event: 2.588 Thread 0x00000290b0739990 Exception <a 'sun/nio/fs/WindowsException'{0x000000008cd4e7e8}> (0x000000008cd4e7e8) 
thrown [s\open\src\hotspot\share\prims\jni.cpp, line 516]
Event: 2.661 Thread 0x00000290b0739990 Implicit null exception at 0x00000290bfb80cd2 to 0x00000290bfb81230
Event: 2.662 Thread 0x00000290b0739990 Implicit null exception at 0x00000290bfb81ad2 to 0x00000290bfb8202c
Event: 2.818 Thread 0x00000290b0739990 Exception <a 'java/io/FileNotFoundException'{0x000000008cb931b0}> (0x000000008cb931b0) 
thrown [s\open\src\hotspot\share\prims\jni.cpp, line 516]
Event: 2.844 Thread 0x00000290b0739990 Exception <a 'java/lang/NoSuchMethodError'{0x000000008cbd9bf8}: 'void java.lang.invoke.DirectMethodHandle$Holder.invokeVirtual(java.lang.Object, java.lang.Object, long)'> (0x000000008cbd9bf8) 
thrown [s\open\src\hotspot\share\interpreter\linkResolver.cpp, line 766]
Event: 2.845 Thread 0x00000290b0739990 Exception <a 'java/lang/NoSuchMethodError'{0x000000008cbddaf8}: 'long java.lang.invoke.DirectMethodHandle$Holder.invokeStatic(java.lang.Object, java.lang.Object, int)'> (0x000000008cbddaf8) 
thrown [s\open\src\hotspot\share\interpreter\linkResolver.cpp, line 766]
Event: 2.851 Thread 0x00000290b0739990 Exception <a 'java/lang/NoSuchMethodError'{0x000000008cbec040}: 'void java.lang.invoke.DelegatingMethodHandle$Holder.reinvoke_L(java.lang.Object, java.lang.Object, long)'> (0x000000008cbec040) 
thrown [s\open\src\hotspot\share\interpreter\linkResolver.cpp, line 766]
Event: 2.898 Thread 0x00000290b0739990 Exception <a 'java/lang/NoSuchMethodError'{0x000000008ca70c90}: 'int java.lang.invoke.DirectMethodHandle$Holder.invokeVirtual(java.lang.Object, java.lang.Object)'> (0x000000008ca70c90) 
thrown [s\open\src\hotspot\share\interpreter\linkResolver.cpp, line 766]
Event: 2.908 Thread 0x00000290b0739990 Implicit null exception at 0x00000290b887b657 to 0x00000290b887d2d4
Event: 2.908 Thread 0x00000290b0739990 Exception <a 'java/lang/NullPointerException'{0x000000008ca7f0c0}> (0x000000008ca7f0c0) 
thrown [s\open\src\hotspot\share\runtime\sharedRuntime.cpp, line 625]
Event: 2.908 Thread 0x00000290b0739990 Implicit null exception at 0x00000290b887b657 to 0x00000290b887d2d4
Event: 2.908 Thread 0x00000290b0739990 Exception <a 'java/lang/NullPointerException'{0x000000008ca7f8e8}> (0x000000008ca7f8e8) 
thrown [s\open\src\hotspot\share\runtime\sharedRuntime.cpp, line 625]
Event: 3.239 Thread 0x00000290b0739990 Exception <a 'java/lang/NoSuchMethodError'{0x000000008c946eb0}: 'java.lang.Object java.lang.invoke.DelegatingMethodHandle$Holder.reinvoke_L(java.lang.Object, java.lang.Object, int, int, java.lang.Object)'> (0x000000008c946eb0) 
thrown [s\open\src\hotspot\share\interpreter\linkResolver.cpp, line 766]
Event: 3.254 Thread 0x00000290b0739990 Exception <a 'java/lang/NoSuchMethodError'{0x000000008c95e470}: 'java.lang.Object java.lang.invoke.DirectMethodHandle$Holder.invokeStatic(java.lang.Object, java.lang.Object, int)'> (0x000000008c95e470) 
thrown [s\open\src\hotspot\share\interpreter\linkResolver.cpp, line 766]
Event: 3.258 Thread 0x00000290b0739990 Exception <a 'java/lang/NoSuchMethodError'{0x000000008c96a520}: 'void java.lang.invoke.DelegatingMethodHandle$Holder.delegate(java.lang.Object, java.lang.Object, int, java.lang.Object)'> (0x000000008c96a520) 
thrown [s\open\src\hotspot\share\interpreter\linkResolver.cpp, line 766]
Event: 3.664 Thread 0x00000290b0739990 Exception <a 'java/io/FileNotFoundException'{0x000000008c296b90}> (0x000000008c296b90) 
thrown [s\open\src\hotspot\share\prims\jni.cpp, line 516]
Event: 3.782 Thread 0x00000290b0739990 Implicit null exception at 0x00000290b887b657 to 0x00000290b887d2d4
Event: 3.782 Thread 0x00000290b0739990 Exception <a 'java/lang/NullPointerException'{0x000000008c0f9d60}> (0x000000008c0f9d60) 
thrown [s\open\src\hotspot\share\runtime\sharedRuntime.cpp, line 625]

VM Operations (20 events):
Event: 1.624 Executing VM operation: HandshakeAllThreads
Event: 1.624 Executing VM operation: HandshakeAllThreads done
Event: 1.624 Executing VM operation: Cleanup
Event: 1.624 Executing VM operation: Cleanup done
Event: 2.214 Executing VM operation: G1CollectForAllocation
Event: 2.235 Executing VM operation: G1CollectForAllocation done
Event: 2.385 Executing VM operation: HandshakeAllThreads
Event: 2.385 Executing VM operation: HandshakeAllThreads done
Event: 3.393 Executing VM operation: HandshakeAllThreads
Event: 3.393 Executing VM operation: HandshakeAllThreads done
Event: 3.393 Executing VM operation: Cleanup
Event: 3.393 Executing VM operation: Cleanup done
Event: 3.517 Executing VM operation: HandshakeAllThreads
Event: 3.517 Executing VM operation: HandshakeAllThreads done
Event: 3.958 Executing VM operation: G1CollectForAllocation
Event: 3.987 Executing VM operation: G1CollectForAllocation done
Event: 4.040 Executing VM operation: HandshakeAllThreads
Event: 4.040 Executing VM operation: HandshakeAllThreads done
Event: 4.040 Executing VM operation: HandshakeAllThreads
Event: 4.040 Executing VM operation: HandshakeAllThreads done

Events (20 events):
Event: 0.062 Thread 0x00000290ce6676a0 Thread added: 0x00000290ce6676a0
Event: 0.062 Thread 0x00000290ce669f60 Thread added: 0x00000290ce669f60
Event: 0.063 Thread 0x00000290ce66a810 Thread added: 0x00000290ce66a810
Event: 0.063 Thread 0x00000290ce66b3f0 Thread added: 0x00000290ce66b3f0
Event: 0.064 Thread 0x00000290ce67ce40 Thread added: 0x00000290ce67ce40
Event: 0.064 Thread 0x00000290ce6adf00 Thread added: 0x00000290ce6adf00
Event: 0.113 Thread 0x00000290d28a7e20 Thread added: 0x00000290d28a7e20
Event: 0.166 Loaded shared library C:\Program Files\Java\jdk-18.0.1.1\bin\zip.dll
Event: 0.172 Loaded shared library C:\Program Files\Java\jdk-18.0.1.1\bin\instrument.dll
Event: 0.181 Loaded shared library C:\Program Files\Java\jdk-18.0.1.1\bin\net.dll
Event: 0.185 Loaded shared library C:\Program Files\Java\jdk-18.0.1.1\bin\nio.dll
Event: 0.195 Loaded shared library C:\Program Files\Java\jdk-18.0.1.1\bin\zip.dll
Event: 0.240 Loaded shared library C:\Program Files\JetBrains\IntelliJ IDEA Community Edition 2024.1.4\bin\breakgen64.dll
Event: 0.241 Thread 0x00000290d299fe10 Thread added: 0x00000290d299fe10
Event: 0.241 Thread 0x00000290d29a02d0 Thread added: 0x00000290d29a02d0
Event: 0.254 Loaded shared library C:\Program Files\Java\jdk-18.0.1.1\bin\jimage.dll
Event: 0.312 Thread 0x00000290d2a15b20 Thread added: 0x00000290d2a15b20
Event: 0.461 Thread 0x00000290d2adaef0 Thread added: 0x00000290d2adaef0
Event: 1.440 Loaded shared library C:\Program Files\Java\jdk-18.0.1.1\bin\management.dll
Event: 1.446 Loaded shared library C:\Program Files\Java\jdk-18.0.1.1\bin\management_ext.dll


Dynamic libraries:
0x00007ff6585b0000 - 0x00007ff6585c0000 	C:\Program Files\Java\jdk-18.0.1.1\bin\java.exe
0x00007ff97c6f0000 - 0x00007ff97c907000 	C:\WINDOWS\SYSTEM32\ntdll.dll
0x00007ff97be10000 - 0x00007ff97bed4000 	C:\WINDOWS\System32\KERNEL32.DLL
0x00007ff979c20000 - 0x00007ff979fcd000 	C:\WINDOWS\System32\KERNELBASE.dll
0x00007ff97a2d0000 - 0x00007ff97a3e1000 	C:\WINDOWS\System32\ucrtbase.dll
0x00007ff960a20000 - 0x00007ff960a3a000 	C:\Program Files\Java\jdk-18.0.1.1\bin\VCRUNTIME140.dll
0x00007ff96a1c0000 - 0x00007ff96a1d8000 	C:\Program Files\Java\jdk-18.0.1.1\bin\jli.dll
0x00007ff97b400000 - 0x00007ff97b4b2000 	C:\WINDOWS\System32\ADVAPI32.dll
0x00007ff97c1f0000 - 0x00007ff97c297000 	C:\WINDOWS\System32\msvcrt.dll
0x00007ff97bf00000 - 0x00007ff97bfa9000 	C:\WINDOWS\System32\sechost.dll
0x00007ff979b80000 - 0x00007ff979ba8000 	C:\WINDOWS\System32\bcrypt.dll
0x00007ff97c380000 - 0x00007ff97c494000 	C:\WINDOWS\System32\RPCRT4.dll
0x00007ff97c4a0000 - 0x00007ff97c64e000 	C:\WINDOWS\System32\USER32.dll
0x00007ff97a3f0000 - 0x00007ff97a416000 	C:\WINDOWS\System32\win32u.dll
0x00007ff9594f0000 - 0x00007ff959783000 	C:\WINDOWS\WinSxS\amd64_microsoft.windows.common-controls_6595b64144ccf1df_6.0.22621.3672_none_2713b9d173822955\COMCTL32.dll
0x00007ff97a510000 - 0x00007ff97a539000 	C:\WINDOWS\System32\GDI32.dll
0x00007ff97a1b0000 - 0x00007ff97a2c9000 	C:\WINDOWS\System32\gdi32full.dll
0x00007ff97a090000 - 0x00007ff97a12a000 	C:\WINDOWS\System32\msvcp_win.dll
0x00007ff96ff20000 - 0x00007ff96ff2a000 	C:\WINDOWS\SYSTEM32\VERSION.dll
0x00007ff97c0d0000 - 0x00007ff97c101000 	C:\WINDOWS\System32\IMM32.DLL
0x00007ff9624a0000 - 0x00007ff9624ac000 	C:\Program Files\Java\jdk-18.0.1.1\bin\vcruntime140_1.dll
0x00007ff951f70000 - 0x00007ff951ffd000 	C:\Program Files\Java\jdk-18.0.1.1\bin\msvcp140.dll
0x00007ff920c90000 - 0x00007ff9218a0000 	C:\Program Files\Java\jdk-18.0.1.1\bin\server\jvm.dll
0x00007ff97c190000 - 0x00007ff97c198000 	C:\WINDOWS\System32\PSAPI.DLL
0x00007ff96c870000 - 0x00007ff96c8a4000 	C:\WINDOWS\SYSTEM32\WINMM.dll
0x00007ff937d10000 - 0x00007ff937d19000 	C:\WINDOWS\SYSTEM32\WSOCK32.dll
0x00007ff97c110000 - 0x00007ff97c181000 	C:\WINDOWS\System32\WS2_32.dll
0x00007ff978a10000 - 0x00007ff978a28000 	C:\WINDOWS\SYSTEM32\kernel.appcore.dll
0x00007ff9620e0000 - 0x00007ff9620ea000 	C:\Program Files\Java\jdk-18.0.1.1\bin\jimage.dll
0x00007ff976fa0000 - 0x00007ff9771d2000 	C:\WINDOWS\SYSTEM32\DBGHELP.DLL
0x00007ff97b4c0000 - 0x00007ff97b84d000 	C:\WINDOWS\System32\combase.dll
0x00007ff97a420000 - 0x00007ff97a4f7000 	C:\WINDOWS\System32\OLEAUT32.dll
0x00007ff96a110000 - 0x00007ff96a142000 	C:\WINDOWS\SYSTEM32\dbgcore.DLL
0x00007ff97a130000 - 0x00007ff97a1ab000 	C:\WINDOWS\System32\bcryptPrimitives.dll
0x00007ff96bbb0000 - 0x00007ff96bbbe000 	C:\Program Files\Java\jdk-18.0.1.1\bin\instrument.dll
0x00007ff9609d0000 - 0x00007ff9609f5000 	C:\Program Files\Java\jdk-18.0.1.1\bin\java.dll
0x00007ff925580000 - 0x00007ff925656000 	C:\Program Files\Java\jdk-18.0.1.1\bin\jsvml.dll
0x00007ff97a5c0000 - 0x00007ff97ae28000 	C:\WINDOWS\System32\SHELL32.dll
0x00007ff977910000 - 0x00007ff97820e000 	C:\WINDOWS\SYSTEM32\windows.storage.dll
0x00007ff9777d0000 - 0x00007ff97790f000 	C:\WINDOWS\SYSTEM32\wintypes.dll
0x00007ff97b300000 - 0x00007ff97b3f9000 	C:\WINDOWS\System32\SHCORE.dll
0x00007ff97c650000 - 0x00007ff97c6ae000 	C:\WINDOWS\System32\shlwapi.dll
0x00007ff979940000 - 0x00007ff979961000 	C:\WINDOWS\SYSTEM32\profapi.dll
0x00007ff95b080000 - 0x00007ff95b098000 	C:\Program Files\Java\jdk-18.0.1.1\bin\zip.dll
0x00007ff95f2a0000 - 0x00007ff95f2b3000 	C:\Program Files\Java\jdk-18.0.1.1\bin\net.dll
0x00007ff96fbd0000 - 0x00007ff96fd06000 	C:\WINDOWS\SYSTEM32\WINHTTP.dll
0x00007ff978eb0000 - 0x00007ff978f19000 	C:\WINDOWS\system32\mswsock.dll
0x00007ff95f280000 - 0x00007ff95f296000 	C:\Program Files\Java\jdk-18.0.1.1\bin\nio.dll
0x00007ff9609b0000 - 0x00007ff9609ca000 	C:\Program Files\JetBrains\IntelliJ IDEA Community Edition 2024.1.4\bin\breakgen64.dll
0x00007ff950270000 - 0x00007ff950279000 	C:\Program Files\Java\jdk-18.0.1.1\bin\management.dll
0x00007ff950100000 - 0x00007ff95010b000 	C:\Program Files\Java\jdk-18.0.1.1\bin\management_ext.dll

dbghelp: loaded successfully - version: 4.0.5 - missing functions: none
symbol engine: initialized successfully - sym options: 0x614 - pdb path: .;C:\Program Files\Java\jdk-18.0.1.1\bin;C:\WINDOWS\SYSTEM32;C:\WINDOWS\WinSxS\amd64_microsoft.windows.common-controls_6595b64144ccf1df_6.0.22621.3672_none_2713b9d173822955;C:\Program Files\Java\jdk-18.0.1.1\bin\server;C:\Program Files\JetBrains\IntelliJ IDEA Community Edition 2024.1.4\bin

VM Arguments:
jvm_args: --add-opens=java.base/java.lang=ALL-UNNAMED --add-opens=java.base/java.io=ALL-UNNAMED --add-opens=java.base/java.util=ALL-UNNAMED --add-opens=java.base/java.util.concurrent=ALL-UNNAMED --add-opens=java.rmi/sun.rmi.transport=ALL-UNNAMED -Dcatalina.home=C:\Users\Tejasvi\Downloads\apache-tomcat-9.0.59\apache-tomcat-9.0.59 -Dcatalina.base=C:\Users\Tejasvi\IdeaProjects\employee_management_assignment -Djava.io.tmpdir=C:\Users\Tejasvi\IdeaProjects\employee_management_assignment\temp -Djava.util.logging.config.file=C:\Users\Tejasvi\IdeaProjects\employee_management_assignment\conf\logging.properties -Djava.util.logging.manager=org.apache.juli.ClassLoaderLogManager -javaagent:C:\Program Files\JetBrains\IntelliJ IDEA Community Edition 2024.1.4\lib\idea_rt.jar=52050:C:\Program Files\JetBrains\IntelliJ IDEA Community Edition 2024.1.4\bin -Dfile.encoding=UTF-8 -Dsun.stdout.encoding=UTF-8 -Dsun.stderr.encoding=UTF-8 
java_command: org.apache.catalina.startup.Bootstrap start
java_class_path (initial): C:\Users\Tejasvi\Downloads\apache-tomcat-9.0.59\apache-tomcat-9.0.59\bin\bootstrap.jar;C:\Users\Tejasvi\Downloads\apache-tomcat-9.0.59\apache-tomcat-9.0.59\bin\tomcat-juli.jar
Launcher Type: SUN_STANDARD

[Global flags]
     intx CICompilerCount                          = 4                                         {product} {ergonomic}
     uint ConcGCThreads                            = 2                                         {product} {ergonomic}
     uint G1ConcRefinementThreads                  = 8                                         {product} {ergonomic}
   size_t G1HeapRegionSize                         = 1048576                                   {product} {ergonomic}
    uintx GCDrainStackTargetSize                   = 64                                        {product} {ergonomic}
   size_t InitialHeapSize                          = 130023424                                 {product} {ergonomic}
   size_t MarkStackSize                            = 4194304                                   {product} {ergonomic}
   size_t MaxHeapSize                              = 2055208960                                {product} {ergonomic}
   size_t MaxNewSize                               = 1233125376                                {product} {ergonomic}
   size_t MinHeapDeltaBytes                        = 1048576                                   {product} {ergonomic}
   size_t MinHeapSize                              = 8388608                                   {product} {ergonomic}
    uintx NonNMethodCodeHeapSize                   = 5839372                                {pd product} {ergonomic}
    uintx NonProfiledCodeHeapSize                  = 122909434                              {pd product} {ergonomic}
    uintx ProfiledCodeHeapSize                     = 122909434                              {pd product} {ergonomic}
    uintx ReservedCodeCacheSize                    = 251658240                              {pd product} {ergonomic}
     bool SegmentedCodeCache                       = true                                      {product} {ergonomic}
   size_t SoftMaxHeapSize                          = 2055208960                             {manageable} {ergonomic}
     bool UseCompressedClassPointers               = true                           {product lp64_product} {ergonomic}
     bool UseCompressedOops                        = true                           {product lp64_product} {ergonomic}
     bool UseG1GC                                  = true                                      {product} {ergonomic}
     bool UseLargePagesIndividualAllocation        = false                                  {pd product} {ergonomic}

Logging:
Log output configuration:
 #0: stdout all=warning uptime,level,tags foldmultilines=false
 #1: stderr all=off uptime,level,tags foldmultilines=false

Environment Variables:
PATH=C:\Ruby32-x64\bin;C:\oraclexe\app\oracle\product\11.2.0\server\bin;C:\Oracle21c\bin;C:\Program Files\Common Files\Oracle\Java\javapath;C:\Program Files (x86)\Common Files\Oracle\Java\javapath;C:\Program Files\Java\jdk-17.0.2\bin;C:\Program Files\Java\jdk-9.0.1\bin;C:\Program Files\Java\jdk1.8.0_333\bin;C:\php-8.1.8;C:\WINDOWS\system32;C:\WINDOWS;C:\WINDOWS\System32\Wbem;C:\WINDOWS\System32\WindowsPowerShell\v1.0\;C:\WINDOWS\System32\OpenSSH\;C:\mongosh\mongosh-1.8.0-win32-x64\bin;C:\Program Files\MongoDB\Server\6.0\bin;C:\Program Files\Microsoft SQL Server\150\Tools\Binn\;C:\Program Files\Microsoft SQL Server\Client SDK\ODBC\170\Tools\Binn\;C:\Program Files (x86)\Microsoft SQL Server\160\Tools\Binn\;C:\Program Files\Microsoft SQL Server\160\Tools\Binn\;C:\Program Files\Microsoft SQL Server\160\DTS\Binn\;C:\Program Files (x86)\Microsoft SQL Server\160\DTS\Binn\;C:\Program Files\Microsoft SQL Server\130\Tools\Binn\;C:\Program Files\dotnet\;C:\Program Files (x86)\dotnet\;C:\Program Files\Git\cmd;C:\Program Files\nodejs\;C:\ProgramData\chocolatey\bin;C:\Program Files\MySQL\MySQL Shell 8.0\bin\;C:\Users\Tejasvi\AppData\Local\Programs\Python\Python312\Scripts\;C:\Users\Tejasvi\AppData\Local\Programs\Python\Python312\;C:\Users\Tejasvi\AppData\Local\Programs\Python\Python39\Scripts\;C:\Users\Tejasvi\AppData\Local\Programs\Python\Python39\;C:\Users\Tejasvi\AppData\Local\Microsoft\WindowsApps;C:\MinGW\bin;;C:\Program Files\Azure Data Studio\bin;C:\Program Files\Azure Data Studio\bin;C:\Users\Tejasvi\AppData\Local\Programs\Microsoft VS Code\bin;C:\Users\Tejasvi\.dotnet\tools;C:\Users\Tejasvi\AppData\Roaming\npm;C:\Program Files\JetBrains\IntelliJ IDEA Community Edition 2024.1.4\bin;
USERNAME=Tejasvi
OS=Windows_NT
PROCESSOR_IDENTIFIER=Intel64 Family 6 Model 140 Stepping 1, GenuineIntel



---------------  S Y S T E M  ---------------

OS:
 Windows 11 , 64 bit Build 22621 (10.0.22621.3958)
OS uptime: 9 days 1:04 hours
Hyper-V role detected

CPU: total 8 (initial active 8) (4 cores per cpu, 2 threads per core) family 6 model 140 stepping 1 microcode 0xb4, cx8, cmov, fxsr, ht, mmx, 3dnowpref, sse, sse2, sse3, ssse3, sse4.1, sse4.2, popcnt, lzcnt, tsc, tscinvbit, avx, avx2, aes, erms, clmul, bmi1, bmi2, adx, avx512f, avx512dq, avx512cd, avx512bw, avx512vl, sha, fma, vzeroupper, avx512_vpopcntdq, avx512_vpclmulqdq, avx512_vaes, avx512_vnni, clflush, clflushopt, clwb, avx512_vbmi2, avx512_vbmi, hv

Memory: 4k page, system-wide physical 7834M (291M free)
TotalPageFile size 31386M (AvailPageFile size 3M)
current process WorkingSet (physical memory assigned to process): 111M, peak: 111M
current process commit charge ("private bytes"): 243M, peak: 244M

vm_info: Java HotSpot(TM) 64-Bit Server VM (18.0.1.1+2-6) for windows-amd64 JRE (18.0.1.1+2-6), built on Apr 25 2022 21:53:15 by "mach5one" with MS VC++ 16.8 / 16.9 (VS2019)

END.
