30-Aug-2024 00:31:47.876 INFO [main] org.apache.catalina.startup.VersionLoggerListener.log Server version name:   Apache Tomcat/9.0.59
30-Aug-2024 00:31:47.881 INFO [main] org.apache.catalina.startup.VersionLoggerListener.log Server built:          Feb 21 2022 21:01:10 UTC
30-Aug-2024 00:31:47.881 INFO [main] org.apache.catalina.startup.VersionLoggerListener.log Server version number: 9.0.59.0
30-Aug-2024 00:31:47.882 INFO [main] org.apache.catalina.startup.VersionLoggerListener.log OS Name:               Windows 11
30-Aug-2024 00:31:47.882 INFO [main] org.apache.catalina.startup.VersionLoggerListener.log OS Version:            10.0
30-Aug-2024 00:31:47.882 INFO [main] org.apache.catalina.startup.VersionLoggerListener.log Architecture:          amd64
30-Aug-2024 00:31:47.882 INFO [main] org.apache.catalina.startup.VersionLoggerListener.log Java Home:             C:\Program Files\Java\jdk-18.0.1.1
30-Aug-2024 00:31:47.882 INFO [main] org.apache.catalina.startup.VersionLoggerListener.log JVM Version:           18.0.1.1+2-6
30-Aug-2024 00:31:47.882 INFO [main] org.apache.catalina.startup.VersionLoggerListener.log JVM Vendor:            Oracle Corporation
30-Aug-2024 00:31:47.882 INFO [main] org.apache.catalina.startup.VersionLoggerListener.log CATALINA_BASE:         C:\Users\Tejasvi\IdeaProjects\employee_management_assignment
30-Aug-2024 00:31:47.883 INFO [main] org.apache.catalina.startup.VersionLoggerListener.log CATALINA_HOME:         C:\Users\Tejasvi\Downloads\apache-tomcat-9.0.59\apache-tomcat-9.0.59
30-Aug-2024 00:31:47.894 INFO [main] org.apache.catalina.startup.VersionLoggerListener.log Command line argument: --add-opens=java.base/java.lang=ALL-UNNAMED
30-Aug-2024 00:31:47.894 INFO [main] org.apache.catalina.startup.VersionLoggerListener.log Command line argument: --add-opens=java.base/java.io=ALL-UNNAMED
30-Aug-2024 00:31:47.894 INFO [main] org.apache.catalina.startup.VersionLoggerListener.log Command line argument: --add-opens=java.base/java.util=ALL-UNNAMED
30-Aug-2024 00:31:47.895 INFO [main] org.apache.catalina.startup.VersionLoggerListener.log Command line argument: --add-opens=java.base/java.util.concurrent=ALL-UNNAMED
30-Aug-2024 00:31:47.895 INFO [main] org.apache.catalina.startup.VersionLoggerListener.log Command line argument: --add-opens=java.rmi/sun.rmi.transport=ALL-UNNAMED
30-Aug-2024 00:31:47.895 INFO [main] org.apache.catalina.startup.VersionLoggerListener.log Command line argument: -Dcatalina.home=C:\Users\Tejasvi\Downloads\apache-tomcat-9.0.59\apache-tomcat-9.0.59
30-Aug-2024 00:31:47.895 INFO [main] org.apache.catalina.startup.VersionLoggerListener.log Command line argument: -Dcatalina.base=C:\Users\Tejasvi\IdeaProjects\employee_management_assignment
30-Aug-2024 00:31:47.895 INFO [main] org.apache.catalina.startup.VersionLoggerListener.log Command line argument: -Djava.io.tmpdir=C:\Users\Tejasvi\IdeaProjects\employee_management_assignment\temp
30-Aug-2024 00:31:47.895 INFO [main] org.apache.catalina.startup.VersionLoggerListener.log Command line argument: -Djava.util.logging.config.file=C:\Users\Tejasvi\IdeaProjects\employee_management_assignment\conf\logging.properties
30-Aug-2024 00:31:47.895 INFO [main] org.apache.catalina.startup.VersionLoggerListener.log Command line argument: -Djava.util.logging.manager=org.apache.juli.ClassLoaderLogManager
30-Aug-2024 00:31:47.895 INFO [main] org.apache.catalina.startup.VersionLoggerListener.log Command line argument: -javaagent:C:\Program Files\JetBrains\IntelliJ IDEA Community Edition 2024.1.4\lib\idea_rt.jar=58231:C:\Program Files\JetBrains\IntelliJ IDEA Community Edition 2024.1.4\bin
30-Aug-2024 00:31:47.895 INFO [main] org.apache.catalina.startup.VersionLoggerListener.log Command line argument: -Dfile.encoding=UTF-8
30-Aug-2024 00:31:47.895 INFO [main] org.apache.catalina.startup.VersionLoggerListener.log Command line argument: -Dsun.stdout.encoding=UTF-8
30-Aug-2024 00:31:47.895 INFO [main] org.apache.catalina.startup.VersionLoggerListener.log Command line argument: -Dsun.stderr.encoding=UTF-8
30-Aug-2024 00:31:47.946 INFO [main] org.apache.catalina.core.AprLifecycleListener.lifecycleEvent The Apache Tomcat Native library which allows using OpenSSL was not found on the java.library.path: [C:\Program Files\Java\jdk-18.0.1.1\bin;C:\WINDOWS\Sun\Java\bin;C:\WINDOWS\system32;C:\WINDOWS;C:\Ruby32-x64\bin;C:\oraclexe\app\oracle\product\11.2.0\server\bin;C:\Oracle21c\bin;C:\Program Files\Common Files\Oracle\Java\javapath;C:\Program Files (x86)\Common Files\Oracle\Java\javapath;C:\Program Files\Java\jdk-17.0.2\bin;C:\Program Files\Java\jdk-9.0.1\bin;C:\Program Files\Java\jdk1.8.0_333\bin;C:\php-8.1.8;C:\WINDOWS\system32;C:\WINDOWS;C:\WINDOWS\System32\Wbem;C:\WINDOWS\System32\WindowsPowerShell\v1.0\;C:\WINDOWS\System32\OpenSSH\;C:\mongosh\mongosh-1.8.0-win32-x64\bin;C:\Program Files\MongoDB\Server\6.0\bin;C:\Program Files\Microsoft SQL Server\150\Tools\Binn\;C:\Program Files\Microsoft SQL Server\Client SDK\ODBC\170\Tools\Binn\;C:\Program Files (x86)\Microsoft SQL Server\160\Tools\Binn\;C:\Program Files\Microsoft SQL Server\160\Tools\Binn\;C:\Program Files\Microsoft SQL Server\160\DTS\Binn\;C:\Program Files (x86)\Microsoft SQL Server\160\DTS\Binn\;C:\Program Files\Microsoft SQL Server\130\Tools\Binn\;C:\Program Files\dotnet\;C:\Program Files (x86)\dotnet\;C:\Program Files\Git\cmd;C:\Program Files\nodejs\;C:\ProgramData\chocolatey\bin;C:\Program Files\MySQL\MySQL Shell 8.0\bin\;C:\Users\Tejasvi\AppData\Local\Programs\Python\Python312\Scripts\;C:\Users\Tejasvi\AppData\Local\Programs\Python\Python312\;C:\Users\Tejasvi\AppData\Local\Programs\Python\Python39\Scripts\;C:\Users\Tejasvi\AppData\Local\Programs\Python\Python39\;C:\Users\Tejasvi\AppData\Local\Microsoft\WindowsApps;C:\MinGW\bin;;C:\Program Files\Azure Data Studio\bin;C:\Program Files\Azure Data Studio\bin;C:\Users\Tejasvi\AppData\Local\Programs\Microsoft VS Code\bin;C:\Users\Tejasvi\.dotnet\tools;C:\Users\Tejasvi\AppData\Roaming\npm;C:\Program Files\JetBrains\IntelliJ IDEA Community Edition 2024.1.4\bin;;.]
30-Aug-2024 00:31:48.391 INFO [main] org.apache.coyote.AbstractProtocol.init Initializing ProtocolHandler ["http-nio-8080"]
30-Aug-2024 00:31:48.421 INFO [main] org.apache.catalina.startup.Catalina.load Server initialization in [836] milliseconds
30-Aug-2024 00:31:48.486 INFO [main] org.apache.catalina.core.StandardService.startInternal Starting service [Catalina]
30-Aug-2024 00:31:48.486 INFO [main] org.apache.catalina.core.StandardEngine.startInternal Starting Servlet engine: [Apache Tomcat/9.0.59]
30-Aug-2024 00:31:48.499 INFO [main] org.apache.catalina.startup.HostConfig.deployDescriptor Deploying deployment descriptor [C:\Users\Tejasvi\IdeaProjects\employee_management_assignment\conf\Catalina\localhost\employee_management_assignment.xml]
30-Aug-2024 00:31:53.241 INFO [main] org.apache.jasper.servlet.TldScanner.scanJars At least one JAR was scanned for TLDs yet contained no TLDs. Enable debug logging for this logger for a complete list of JARs that were scanned but no TLDs were found in them. Skipping unneeded JARs during scanning can improve startup time and JSP compilation time.
30-Aug-2024 00:31:53.377 INFO [main] org.springframework.web.servlet.FrameworkServlet.initServletBean Initializing Servlet 'dispatcher'
30-Aug-2024 00:31:54.520 INFO [MLog-Init-Reporter] com.mchange.v2.log.MLog. MLog clients using java 1.4+ standard logging.
30-Aug-2024 00:31:54.679 INFO [main] com.mchange.v2.c3p0.C3P0Registry. Initializing c3p0-0.9.5.5 [built 11-December-2019 22:18:33 -0800; debug? true; trace: 10]
30-Aug-2024 00:31:55.083 INFO [main] org.hibernate.Version.logVersion HHH000412: Hibernate ORM core version 5.6.15.Final
30-Aug-2024 00:31:55.611 INFO [main] org.hibernate.annotations.common.reflection.java.JavaReflectionManager.<clinit> HCANN000001: Hibernate Commons Annotations {5.1.2.Final}
30-Aug-2024 00:31:55.971 INFO [main] com.mchange.v2.c3p0.impl.AbstractPoolBackedDataSource. Initializing c3p0 pool... com.mchange.v2.c3p0.ComboPooledDataSource [ acquireIncrement -> 3, acquireRetryAttempts -> 30, acquireRetryDelay -> 1000, autoCommitOnClose -> false, automaticTestTable -> null, breakAfterAcquireFailure -> false, checkoutTimeout -> 0, connectionCustomizerClassName -> null, connectionTesterClassName -> com.mchange.v2.c3p0.impl.DefaultConnectionTester, contextClassLoaderSource -> caller, dataSourceName -> 1hge138b5189cvh21ggee47|54ce2da8, debugUnreturnedConnectionStackTraces -> false, description -> null, driverClass -> com.mysql.cj.jdbc.Driver, extensions -> {}, factoryClassLocation -> null, forceIgnoreUnresolvedTransactions -> false, forceSynchronousCheckins -> false, forceUseNamedDriverClass -> false, identityToken -> 1hge138b5189cvh21ggee47|54ce2da8, idleConnectionTestPeriod -> 0, initialPoolSize -> 3, jdbcUrl -> jdbc:mysql://localhost:3306/employee_crud_db, maxAdministrativeTaskTime -> 0, maxConnectionAge -> 0, maxIdleTime -> 0, maxIdleTimeExcessConnections -> 0, maxPoolSize -> 15, maxStatements -> 0, maxStatementsPerConnection -> 0, minPoolSize -> 3, numHelperThreads -> 3, preferredTestQuery -> null, privilegeSpawnedThreads -> false, properties -> {password=******, user=******}, propertyCycle -> 0, statementCacheNumDeferredCloseThreads -> 0, testConnectionOnCheckin -> false, testConnectionOnCheckout -> false, unreturnedConnectionTimeout -> 0, userOverrides -> {}, usesTraditionalReflectiveProxies -> false ]
30-Aug-2024 00:31:56.747 INFO [main] org.hibernate.dialect.Dialect.<init> HHH000400: Using dialect: org.hibernate.dialect.MySQL5Dialect
30-Aug-2024 00:31:59.271 INFO [main] org.hibernate.engine.transaction.jta.platform.internal.JtaPlatformInitiator.initiateService HHH000490: Using JtaPlatform implementation: [org.hibernate.engine.transaction.jta.platform.internal.NoJtaPlatform]
30-Aug-2024 00:32:00.054 INFO [main] org.springframework.web.servlet.FrameworkServlet.initServletBean Completed initialization in 6677 ms
30-Aug-2024 00:32:00.069 INFO [main] org.apache.catalina.startup.HostConfig.deployDescriptor Deployment of deployment descriptor [C:\Users\Tejasvi\IdeaProjects\employee_management_assignment\conf\Catalina\localhost\employee_management_assignment.xml] has finished in [11,570] ms
30-Aug-2024 00:32:00.073 INFO [main] org.apache.coyote.AbstractProtocol.start Starting ProtocolHandler ["http-nio-8080"]
30-Aug-2024 00:32:00.089 INFO [main] org.apache.catalina.startup.Catalina.start Server startup in [11663] milliseconds
30-Aug-2024 00:33:22.851 INFO [Thread-6] org.apache.coyote.AbstractProtocol.pause Pausing ProtocolHandler ["http-nio-8080"]
30-Aug-2024 00:33:22.875 INFO [Thread-6] org.apache.catalina.core.StandardService.stopInternal Stopping service [Catalina]
30-Aug-2024 00:33:22.958 WARNING [Thread-6] org.apache.catalina.loader.WebappClassLoaderBase.clearReferencesJdbc The web application [employee_management_assignment] registered the JDBC driver [com.mysql.cj.jdbc.Driver] but failed to unregister it when the web application was stopped. To prevent a memory leak, the JDBC Driver has been forcibly unregistered.
30-Aug-2024 00:33:22.962 WARNING [Thread-6] org.apache.catalina.loader.WebappClassLoaderBase.clearReferencesThreads The web application [employee_management_assignment] appears to have started a thread named [mysql-cj-abandoned-connection-cleanup] but has failed to stop it. This is very likely to create a memory leak. Stack trace of thread:
 java.base@18.0.1.1/java.lang.Object.wait(Native Method)
 java.base@18.0.1.1/java.lang.ref.ReferenceQueue.remove(ReferenceQueue.java:155)
 com.mysql.cj.jdbc.AbandonedConnectionCleanupThread.run(AbandonedConnectionCleanupThread.java:91)
 java.base@18.0.1.1/java.util.concurrent.ThreadPoolExecutor.runWorker(ThreadPoolExecutor.java:1136)
 java.base@18.0.1.1/java.util.concurrent.ThreadPoolExecutor$Worker.run(ThreadPoolExecutor.java:635)
 java.base@18.0.1.1/java.lang.Thread.run(Thread.java:833)
30-Aug-2024 00:33:23.002 INFO [Thread-6] org.apache.coyote.AbstractProtocol.stop Stopping ProtocolHandler ["http-nio-8080"]
30-Aug-2024 00:33:23.021 INFO [Thread-6] org.apache.coyote.AbstractProtocol.destroy Destroying ProtocolHandler ["http-nio-8080"]
30-Aug-2024 07:07:16.718 INFO [main] org.apache.catalina.startup.VersionLoggerListener.log Server version name:   Apache Tomcat/9.0.59
30-Aug-2024 07:07:16.722 INFO [main] org.apache.catalina.startup.VersionLoggerListener.log Server built:          Feb 21 2022 21:01:10 UTC
30-Aug-2024 07:07:16.723 INFO [main] org.apache.catalina.startup.VersionLoggerListener.log Server version number: 9.0.59.0
30-Aug-2024 07:07:16.723 INFO [main] org.apache.catalina.startup.VersionLoggerListener.log OS Name:               Windows 11
30-Aug-2024 07:07:16.723 INFO [main] org.apache.catalina.startup.VersionLoggerListener.log OS Version:            10.0
30-Aug-2024 07:07:16.723 INFO [main] org.apache.catalina.startup.VersionLoggerListener.log Architecture:          amd64
30-Aug-2024 07:07:16.723 INFO [main] org.apache.catalina.startup.VersionLoggerListener.log Java Home:             C:\Program Files\Java\jdk-18.0.1.1
30-Aug-2024 07:07:16.723 INFO [main] org.apache.catalina.startup.VersionLoggerListener.log JVM Version:           18.0.1.1+2-6
30-Aug-2024 07:07:16.723 INFO [main] org.apache.catalina.startup.VersionLoggerListener.log JVM Vendor:            Oracle Corporation
30-Aug-2024 07:07:16.723 INFO [main] org.apache.catalina.startup.VersionLoggerListener.log CATALINA_BASE:         C:\Users\Tejasvi\IdeaProjects\employee_management_assignment
30-Aug-2024 07:07:16.723 INFO [main] org.apache.catalina.startup.VersionLoggerListener.log CATALINA_HOME:         C:\Users\Tejasvi\Downloads\apache-tomcat-9.0.59\apache-tomcat-9.0.59
30-Aug-2024 07:07:16.732 INFO [main] org.apache.catalina.startup.VersionLoggerListener.log Command line argument: --add-opens=java.base/java.lang=ALL-UNNAMED
30-Aug-2024 07:07:16.732 INFO [main] org.apache.catalina.startup.VersionLoggerListener.log Command line argument: --add-opens=java.base/java.io=ALL-UNNAMED
30-Aug-2024 07:07:16.732 INFO [main] org.apache.catalina.startup.VersionLoggerListener.log Command line argument: --add-opens=java.base/java.util=ALL-UNNAMED
30-Aug-2024 07:07:16.732 INFO [main] org.apache.catalina.startup.VersionLoggerListener.log Command line argument: --add-opens=java.base/java.util.concurrent=ALL-UNNAMED
30-Aug-2024 07:07:16.732 INFO [main] org.apache.catalina.startup.VersionLoggerListener.log Command line argument: --add-opens=java.rmi/sun.rmi.transport=ALL-UNNAMED
30-Aug-2024 07:07:16.732 INFO [main] org.apache.catalina.startup.VersionLoggerListener.log Command line argument: -Dcatalina.home=C:\Users\Tejasvi\Downloads\apache-tomcat-9.0.59\apache-tomcat-9.0.59
30-Aug-2024 07:07:16.733 INFO [main] org.apache.catalina.startup.VersionLoggerListener.log Command line argument: -Dcatalina.base=C:\Users\Tejasvi\IdeaProjects\employee_management_assignment
30-Aug-2024 07:07:16.733 INFO [main] org.apache.catalina.startup.VersionLoggerListener.log Command line argument: -Djava.io.tmpdir=C:\Users\Tejasvi\IdeaProjects\employee_management_assignment\temp
30-Aug-2024 07:07:16.733 INFO [main] org.apache.catalina.startup.VersionLoggerListener.log Command line argument: -Djava.util.logging.config.file=C:\Users\Tejasvi\IdeaProjects\employee_management_assignment\conf\logging.properties
30-Aug-2024 07:07:16.733 INFO [main] org.apache.catalina.startup.VersionLoggerListener.log Command line argument: -Djava.util.logging.manager=org.apache.juli.ClassLoaderLogManager
30-Aug-2024 07:07:16.733 INFO [main] org.apache.catalina.startup.VersionLoggerListener.log Command line argument: -javaagent:C:\Program Files\JetBrains\IntelliJ IDEA Community Edition 2024.1.4\lib\idea_rt.jar=64707:C:\Program Files\JetBrains\IntelliJ IDEA Community Edition 2024.1.4\bin
30-Aug-2024 07:07:16.733 INFO [main] org.apache.catalina.startup.VersionLoggerListener.log Command line argument: -Dfile.encoding=UTF-8
30-Aug-2024 07:07:16.733 INFO [main] org.apache.catalina.startup.VersionLoggerListener.log Command line argument: -Dsun.stdout.encoding=UTF-8
30-Aug-2024 07:07:16.733 INFO [main] org.apache.catalina.startup.VersionLoggerListener.log Command line argument: -Dsun.stderr.encoding=UTF-8
30-Aug-2024 07:07:16.741 INFO [main] org.apache.catalina.core.AprLifecycleListener.lifecycleEvent The Apache Tomcat Native library which allows using OpenSSL was not found on the java.library.path: [C:\Program Files\Java\jdk-18.0.1.1\bin;C:\WINDOWS\Sun\Java\bin;C:\WINDOWS\system32;C:\WINDOWS;C:\Ruby32-x64\bin;C:\oraclexe\app\oracle\product\11.2.0\server\bin;C:\Oracle21c\bin;C:\Program Files\Common Files\Oracle\Java\javapath;C:\Program Files (x86)\Common Files\Oracle\Java\javapath;C:\Program Files\Java\jdk-17.0.2\bin;C:\Program Files\Java\jdk-9.0.1\bin;C:\Program Files\Java\jdk1.8.0_333\bin;C:\php-8.1.8;C:\WINDOWS\system32;C:\WINDOWS;C:\WINDOWS\System32\Wbem;C:\WINDOWS\System32\WindowsPowerShell\v1.0\;C:\WINDOWS\System32\OpenSSH\;C:\mongosh\mongosh-1.8.0-win32-x64\bin;C:\Program Files\MongoDB\Server\6.0\bin;C:\Program Files\Microsoft SQL Server\150\Tools\Binn\;C:\Program Files\Microsoft SQL Server\Client SDK\ODBC\170\Tools\Binn\;C:\Program Files (x86)\Microsoft SQL Server\160\Tools\Binn\;C:\Program Files\Microsoft SQL Server\160\Tools\Binn\;C:\Program Files\Microsoft SQL Server\160\DTS\Binn\;C:\Program Files (x86)\Microsoft SQL Server\160\DTS\Binn\;C:\Program Files\Microsoft SQL Server\130\Tools\Binn\;C:\Program Files\dotnet\;C:\Program Files (x86)\dotnet\;C:\Program Files\Git\cmd;C:\Program Files\nodejs\;C:\ProgramData\chocolatey\bin;C:\Program Files\MySQL\MySQL Shell 8.0\bin\;C:\Users\Tejasvi\AppData\Local\Programs\Python\Python312\Scripts\;C:\Users\Tejasvi\AppData\Local\Programs\Python\Python312\;C:\Users\Tejasvi\AppData\Local\Programs\Python\Python39\Scripts\;C:\Users\Tejasvi\AppData\Local\Programs\Python\Python39\;C:\Users\Tejasvi\AppData\Local\Microsoft\WindowsApps;C:\MinGW\bin;;C:\Program Files\Azure Data Studio\bin;C:\Program Files\Azure Data Studio\bin;C:\Users\Tejasvi\AppData\Local\Programs\Microsoft VS Code\bin;C:\Users\Tejasvi\.dotnet\tools;C:\Users\Tejasvi\AppData\Roaming\npm;C:\Program Files\JetBrains\IntelliJ IDEA Community Edition 2024.1.4\bin;;.]
30-Aug-2024 07:07:17.069 INFO [main] org.apache.coyote.AbstractProtocol.init Initializing ProtocolHandler ["http-nio-8080"]
30-Aug-2024 07:07:17.087 INFO [main] org.apache.catalina.startup.Catalina.load Server initialization in [595] milliseconds
30-Aug-2024 07:07:17.129 INFO [main] org.apache.catalina.core.StandardService.startInternal Starting service [Catalina]
30-Aug-2024 07:07:17.129 INFO [main] org.apache.catalina.core.StandardEngine.startInternal Starting Servlet engine: [Apache Tomcat/9.0.59]
30-Aug-2024 07:07:17.137 INFO [main] org.apache.catalina.startup.HostConfig.deployDescriptor Deploying deployment descriptor [C:\Users\Tejasvi\IdeaProjects\employee_management_assignment\conf\Catalina\localhost\employee_management_assignment.xml]
30-Aug-2024 07:07:20.350 INFO [main] org.apache.jasper.servlet.TldScanner.scanJars At least one JAR was scanned for TLDs yet contained no TLDs. Enable debug logging for this logger for a complete list of JARs that were scanned but no TLDs were found in them. Skipping unneeded JARs during scanning can improve startup time and JSP compilation time.
30-Aug-2024 07:07:25.313 INFO [main] org.apache.catalina.startup.HostConfig.deployDescriptor Deployment of deployment descriptor [C:\Users\Tejasvi\IdeaProjects\employee_management_assignment\conf\Catalina\localhost\employee_management_assignment.xml] has finished in [8,175] ms
30-Aug-2024 07:07:25.320 INFO [main] org.apache.coyote.AbstractProtocol.start Starting ProtocolHandler ["http-nio-8080"]
30-Aug-2024 07:07:25.332 INFO [main] org.apache.catalina.startup.Catalina.start Server startup in [8242] milliseconds
30-Aug-2024 07:09:12.289 INFO [Thread-6] org.apache.coyote.AbstractProtocol.pause Pausing ProtocolHandler ["http-nio-8080"]
30-Aug-2024 07:09:12.308 INFO [Thread-6] org.apache.catalina.core.StandardService.stopInternal Stopping service [Catalina]
30-Aug-2024 07:09:12.440 WARNING [Thread-6] org.apache.catalina.loader.WebappClassLoaderBase.clearReferencesJdbc The web application [employee_management_assignment] registered the JDBC driver [com.mysql.cj.jdbc.Driver] but failed to unregister it when the web application was stopped. To prevent a memory leak, the JDBC Driver has been forcibly unregistered.
30-Aug-2024 07:09:12.448 WARNING [Thread-6] org.apache.catalina.loader.WebappClassLoaderBase.clearReferencesThreads The web application [employee_management_assignment] appears to have started a thread named [mysql-cj-abandoned-connection-cleanup] but has failed to stop it. This is very likely to create a memory leak. Stack trace of thread:
 java.base@18.0.1.1/java.lang.Object.wait(Native Method)
 java.base@18.0.1.1/java.lang.ref.ReferenceQueue.remove(ReferenceQueue.java:155)
 com.mysql.cj.jdbc.AbandonedConnectionCleanupThread.run(AbandonedConnectionCleanupThread.java:91)
 java.base@18.0.1.1/java.util.concurrent.ThreadPoolExecutor.runWorker(ThreadPoolExecutor.java:1136)
 java.base@18.0.1.1/java.util.concurrent.ThreadPoolExecutor$Worker.run(ThreadPoolExecutor.java:635)
 java.base@18.0.1.1/java.lang.Thread.run(Thread.java:833)
30-Aug-2024 07:09:12.460 INFO [Thread-6] org.apache.coyote.AbstractProtocol.stop Stopping ProtocolHandler ["http-nio-8080"]
30-Aug-2024 07:09:12.466 INFO [Thread-6] org.apache.coyote.AbstractProtocol.destroy Destroying ProtocolHandler ["http-nio-8080"]
